<?xml version="1.0" encoding="UTF-8"?>
<coverage generated="1762000672999" clover="3.2.0">
  <project timestamp="1762000672999" name="All files">
    <metrics statements="425" coveredstatements="420" conditionals="288" coveredconditionals="270" methods="70" coveredmethods="70" elements="783" coveredelements="760" complexity="0" loc="425" ncloc="425" packages="2" files="10" classes="10"/>
    <package name="constants">
      <metrics statements="39" coveredstatements="39" conditionals="17" coveredconditionals="17" methods="8" coveredmethods="8"/>
      <file name="achievements.ts" path="C:\Users\USER\My Apps\pathly\src\constants\achievements.ts">
        <metrics statements="19" coveredstatements="19" conditionals="7" coveredconditionals="7" methods="4" coveredmethods="4"/>
        <line num="6" count="5" type="stmt"/>
        <line num="9" count="5" type="stmt"/>
        <line num="10" count="18" type="stmt"/>
        <line num="11" count="18" type="stmt"/>
        <line num="116" count="5" type="stmt"/>
        <line num="118" count="5" type="stmt"/>
        <line num="119" count="11" type="stmt"/>
        <line num="122" count="5" type="stmt"/>
        <line num="127" count="5" type="cond" truecount="1" falsecount="0"/>
        <line num="128" count="3" type="stmt"/>
        <line num="129" count="3" type="stmt"/>
        <line num="135" count="5" type="stmt"/>
        <line num="139" count="507" type="cond" truecount="6" falsecount="0"/>
        <line num="141" count="152" type="stmt"/>
        <line num="143" count="101" type="stmt"/>
        <line num="145" count="151" type="stmt"/>
        <line num="147" count="51" type="stmt"/>
        <line num="149" count="51" type="stmt"/>
        <line num="151" count="1" type="stmt"/>
      </file>
      <file name="icons.ts" path="C:\Users\USER\My Apps\pathly\src\constants\icons.ts">
        <metrics statements="16" coveredstatements="16" conditionals="10" coveredconditionals="10" methods="4" coveredmethods="4"/>
        <line num="7" count="1" type="stmt"/>
        <line num="28" count="1" type="stmt"/>
        <line num="31" count="1" type="stmt"/>
        <line num="32" count="1" type="stmt"/>
        <line num="40" count="1" type="stmt"/>
        <line num="41" count="21" type="stmt"/>
        <line num="47" count="1" type="stmt"/>
        <line num="48" count="9" type="stmt"/>
        <line num="49" count="9" type="cond" truecount="2" falsecount="0"/>
        <line num="52" count="7" type="stmt"/>
        <line num="53" count="7" type="stmt"/>
        <line num="54" count="119" type="cond" truecount="2" falsecount="0"/>
        <line num="55" count="12" type="stmt"/>
        <line num="58" count="7" type="cond" truecount="2" falsecount="0"/>
        <line num="63" count="164" type="cond" truecount="2" falsecount="0"/>
        <line num="64" count="2" type="cond" truecount="2" falsecount="0"/>
      </file>
      <file name="storage-keys.ts" path="C:\Users\USER\My Apps\pathly\src\constants\storage-keys.ts">
        <metrics statements="2" coveredstatements="2" conditionals="0" coveredconditionals="0" methods="0" coveredmethods="0"/>
        <line num="6" count="3" type="stmt"/>
        <line num="14" count="3" type="stmt"/>
      </file>
      <file name="validation.ts" path="C:\Users\USER\My Apps\pathly\src\constants\validation.ts">
        <metrics statements="2" coveredstatements="2" conditionals="0" coveredconditionals="0" methods="0" coveredmethods="0"/>
        <line num="5" count="1" type="stmt"/>
        <line num="28" count="1" type="stmt"/>
      </file>
    </package>
    <package name="utils">
      <metrics statements="386" coveredstatements="381" conditionals="271" coveredconditionals="253" methods="62" coveredmethods="62"/>
      <file name="goal-calculations.ts" path="C:\Users\USER\My Apps\pathly\src\utils\goal-calculations.ts">
        <metrics statements="99" coveredstatements="98" conditionals="75" coveredconditionals="68" methods="14" coveredmethods="14"/>
        <line num="16" count="2" type="stmt"/>
        <line num="21" count="6" type="cond" truecount="4" falsecount="0"/>
        <line num="22" count="2" type="stmt"/>
        <line num="23" count="6" type="stmt"/>
        <line num="24" count="3" type="stmt"/>
        <line num="25" count="2" type="stmt"/>
        <line num="27" count="2" type="cond" truecount="2" falsecount="0"/>
        <line num="29" count="2" type="stmt"/>
        <line num="30" count="1" type="stmt"/>
        <line num="34" count="4" type="stmt"/>
        <line num="50" count="2" type="stmt"/>
        <line num="56" count="26" type="cond" truecount="2" falsecount="0"/>
        <line num="60" count="23" type="cond" truecount="2" falsecount="0"/>
        <line num="63" count="15" type="stmt"/>
        <line num="68" count="8" type="cond" truecount="1" falsecount="1"/>
        <line num="69" count="8" type="stmt"/>
        <line num="71" count="8" type="cond" truecount="2" falsecount="0"/>
        <line num="73" count="2" type="cond" truecount="2" falsecount="0"/>
        <line num="76" count="6" type="stmt"/>
        <line num="77" count="6" type="stmt"/>
        <line num="80" count="21" type="stmt"/>
        <line num="90" count="2" type="stmt"/>
        <line num="95" count="3" type="stmt"/>
        <line num="103" count="2" type="stmt"/>
        <line num="104" count="5" type="stmt"/>
        <line num="114" count="2" type="stmt"/>
        <line num="120" count="20" type="cond" truecount="1" falsecount="1"/>
        <line num="121" count="0" type="stmt"/>
        <line num="124" count="20" type="stmt"/>
        <line num="125" count="20" type="stmt"/>
        <line num="128" count="20" type="cond" truecount="5" falsecount="0"/>
        <line num="130" count="8" type="stmt"/>
        <line num="131" count="8" type="stmt"/>
        <line num="133" count="4" type="stmt"/>
        <line num="134" count="4" type="stmt"/>
        <line num="136" count="2" type="stmt"/>
        <line num="137" count="2" type="stmt"/>
        <line num="139" count="2" type="stmt"/>
        <line num="140" count="2" type="stmt"/>
        <line num="142" count="4" type="cond" truecount="2" falsecount="0"/>
        <line num="143" count="4" type="stmt"/>
        <line num="148" count="20" type="stmt"/>
        <line num="150" count="20" type="stmt"/>
        <line num="161" count="2" type="stmt"/>
        <line num="174" count="11" type="cond" truecount="2" falsecount="0"/>
        <line num="175" count="1" type="stmt"/>
        <line num="178" count="10" type="cond" truecount="2" falsecount="0"/>
        <line num="179" count="1" type="stmt"/>
        <line num="182" count="9" type="stmt"/>
        <line num="183" count="9" type="stmt"/>
        <line num="184" count="9" type="stmt"/>
        <line num="187" count="9" type="cond" truecount="2" falsecount="0"/>
        <line num="189" count="2" type="stmt"/>
        <line num="193" count="7" type="stmt"/>
        <line num="194" count="7" type="stmt"/>
        <line num="195" count="7" type="stmt"/>
        <line num="196" count="7" type="stmt"/>
        <line num="198" count="7" type="stmt"/>
        <line num="214" count="2" type="stmt"/>
        <line num="238" count="7" type="cond" truecount="2" falsecount="0"/>
        <line num="239" count="1" type="cond" truecount="1" falsecount="1"/>
        <line num="242" count="6" type="stmt"/>
        <line num="245" count="6" type="cond" truecount="2" falsecount="0"/>
        <line num="246" count="1" type="stmt"/>
        <line num="248" count="5" type="stmt"/>
        <line num="251" count="5" type="stmt"/>
        <line num="252" count="8" type="cond" truecount="4" falsecount="0"/>
        <line num="253" count="6" type="cond" truecount="3" falsecount="1"/>
        <line num="254" count="6" type="cond" truecount="3" falsecount="1"/>
        <line num="255" count="4" type="cond" truecount="3" falsecount="0"/>
        <line num="258" count="5" type="cond" truecount="2" falsecount="0"/>
        <line num="259" count="3" type="stmt"/>
        <line num="260" count="3" type="stmt"/>
        <line num="261" count="3" type="cond" truecount="2" falsecount="0"/>
        <line num="262" count="2" type="stmt"/>
        <line num="263" count="2" type="stmt"/>
        <line num="266" count="2" type="cond" truecount="2" falsecount="0"/>
        <line num="267" count="1" type="stmt"/>
        <line num="268" count="1" type="stmt"/>
        <line num="269" count="1" type="cond" truecount="1" falsecount="1"/>
        <line num="270" count="1" type="stmt"/>
        <line num="271" count="1" type="stmt"/>
        <line num="274" count="1" type="stmt"/>
        <line num="275" count="1" type="stmt"/>
        <line num="278" count="5" type="cond" truecount="2" falsecount="0"/>
        <line num="279" count="5" type="stmt"/>
        <line num="280" count="5" type="cond" truecount="2" falsecount="0"/>
        <line num="283" count="5" type="cond" truecount="4" falsecount="0"/>
        <line num="284" count="1" type="stmt"/>
        <line num="287" count="4" type="stmt"/>
        <line num="298" count="2" type="stmt"/>
        <line num="305" count="9" type="cond" truecount="2" falsecount="0"/>
        <line num="306" count="1" type="stmt"/>
        <line num="309" count="8" type="cond" truecount="2" falsecount="0"/>
        <line num="310" count="1" type="stmt"/>
        <line num="313" count="7" type="stmt"/>
        <line num="316" count="7" type="cond" truecount="2" falsecount="0"/>
        <line num="319" count="7" type="stmt"/>
        <line num="327" count="7" type="stmt"/>
      </file>
      <file name="number-formatting.ts" path="C:\Users\USER\My Apps\pathly\src\utils\number-formatting.ts">
        <metrics statements="16" coveredstatements="16" conditionals="4" coveredconditionals="4" methods="5" coveredmethods="5"/>
        <line num="12" count="1" type="stmt"/>
        <line num="13" count="38" type="stmt"/>
        <line num="15" count="38" type="cond" truecount="2" falsecount="0"/>
        <line num="17" count="21" type="stmt"/>
        <line num="18" count="48" type="stmt"/>
        <line num="21" count="17" type="stmt"/>
        <line num="27" count="1" type="stmt"/>
        <line num="28" count="12" type="stmt"/>
        <line num="29" count="12" type="stmt"/>
        <line num="36" count="1" type="stmt"/>
        <line num="38" count="30" type="stmt"/>
        <line num="39" count="30" type="stmt"/>
        <line num="41" count="30" type="stmt"/>
        <line num="42" count="30" type="stmt"/>
        <line num="43" count="300" type="stmt"/>
        <line num="46" count="30" type="cond" truecount="2" falsecount="0"/>
      </file>
      <file name="recurring-goals.ts" path="C:\Users\USER\My Apps\pathly\src\utils\recurring-goals.ts">
        <metrics statements="111" coveredstatements="107" conditionals="81" coveredconditionals="75" methods="13" coveredmethods="13"/>
        <line num="11" count="5" type="stmt"/>
        <line num="12" count="7" type="cond" truecount="4" falsecount="0"/>
        <line num="13" count="2" type="stmt"/>
        <line num="16" count="5" type="stmt"/>
        <line num="17" count="5" type="stmt"/>
        <line num="18" count="5" type="stmt"/>
        <line num="22" count="5" type="stmt"/>
        <line num="28" count="5" type="stmt"/>
        <line num="33" count="19" type="stmt"/>
        <line num="35" count="19" type="cond" truecount="6" falsecount="0"/>
        <line num="38" count="11" type="stmt"/>
        <line num="39" count="11" type="stmt"/>
        <line num="40" count="11" type="stmt"/>
        <line num="44" count="2" type="stmt"/>
        <line num="48" count="1" type="stmt"/>
        <line num="49" count="1" type="stmt"/>
        <line num="50" count="1" type="stmt"/>
        <line num="54" count="1" type="stmt"/>
        <line num="55" count="1" type="stmt"/>
        <line num="56" count="1" type="stmt"/>
        <line num="59" count="2" type="cond" truecount="2" falsecount="0"/>
        <line num="60" count="1" type="stmt"/>
        <line num="63" count="2" type="stmt"/>
        <line num="70" count="5" type="stmt"/>
        <line num="71" count="4" type="stmt"/>
        <line num="86" count="5" type="stmt"/>
        <line num="88" count="5" type="cond" truecount="4" falsecount="0"/>
        <line num="89" count="1" type="stmt"/>
        <line num="92" count="4" type="cond" truecount="2" falsecount="0"/>
        <line num="94" count="4" type="stmt"/>
        <line num="103" count="5" type="stmt"/>
        <line num="104" count="5" type="stmt"/>
        <line num="106" count="5" type="cond" truecount="2" falsecount="0"/>
        <line num="107" count="1" type="stmt"/>
        <line num="111" count="4" type="cond" truecount="2" falsecount="0"/>
        <line num="112" count="1" type="stmt"/>
        <line num="119" count="3" type="cond" truecount="2" falsecount="0"/>
        <line num="121" count="2" type="stmt"/>
        <line num="122" count="2" type="stmt"/>
        <line num="125" count="1" type="stmt"/>
        <line num="132" count="5" type="stmt"/>
        <line num="133" count="13" type="cond" truecount="4" falsecount="0"/>
        <line num="135" count="11" type="cond" truecount="2" falsecount="0"/>
        <line num="136" count="11" type="cond" truecount="2" falsecount="0"/>
        <line num="138" count="11" type="stmt"/>
        <line num="144" count="5" type="stmt"/>
        <line num="145" count="9" type="stmt"/>
        <line num="151" count="5" type="stmt"/>
        <line num="152" count="8" type="cond" truecount="2" falsecount="0"/>
        <line num="154" count="7" type="stmt"/>
        <line num="155" count="7" type="stmt"/>
        <line num="156" count="7" type="stmt"/>
        <line num="158" count="7" type="cond" truecount="2" falsecount="0"/>
        <line num="160" count="5" type="stmt"/>
        <line num="161" count="5" type="stmt"/>
        <line num="163" count="5" type="cond" truecount="2" falsecount="0"/>
        <line num="164" count="1" type="stmt"/>
        <line num="167" count="4" type="cond" truecount="1" falsecount="1"/>
        <line num="168" count="4" type="stmt"/>
        <line num="169" count="4" type="stmt"/>
        <line num="172" count="0" type="stmt"/>
        <line num="173" count="0" type="stmt"/>
        <line num="180" count="5" type="stmt"/>
        <line num="181" count="15" type="cond" truecount="5" falsecount="0"/>
        <line num="183" count="7" type="cond" truecount="2" falsecount="0"/>
        <line num="184" count="7" type="stmt"/>
        <line num="187" count="8" type="stmt"/>
        <line num="190" count="8" type="cond" truecount="4" falsecount="0"/>
        <line num="191" count="7" type="stmt"/>
        <line num="195" count="18" type="stmt"/>
        <line num="197" count="8" type="cond" truecount="1" falsecount="1"/>
        <line num="198" count="0" type="stmt"/>
        <line num="202" count="8" type="stmt"/>
        <line num="204" count="8" type="stmt"/>
        <line num="205" count="8" type="stmt"/>
        <line num="206" count="8" type="stmt"/>
        <line num="209" count="8" type="stmt"/>
        <line num="210" count="13" type="stmt"/>
        <line num="213" count="13" type="stmt"/>
        <line num="214" count="13" type="cond" truecount="4" falsecount="0"/>
        <line num="215" count="11" type="stmt"/>
        <line num="217" count="2" type="stmt"/>
        <line num="221" count="8" type="stmt"/>
        <line num="222" count="8" type="stmt"/>
        <line num="225" count="8" type="stmt"/>
        <line num="226" count="8" type="stmt"/>
        <line num="227" count="16" type="stmt"/>
        <line num="228" count="16" type="stmt"/>
        <line num="230" count="16" type="cond" truecount="4" falsecount="0"/>
        <line num="231" count="14" type="stmt"/>
        <line num="232" count="14" type="stmt"/>
        <line num="234" count="2" type="stmt"/>
        <line num="239" count="8" type="cond" truecount="1" falsecount="1"/>
        <line num="240" count="8" type="stmt"/>
        <line num="241" count="8" type="stmt"/>
        <line num="242" count="8" type="stmt"/>
        <line num="245" count="8" type="cond" truecount="4" falsecount="0"/>
        <line num="246" count="1" type="stmt"/>
        <line num="250" count="8" type="stmt"/>
        <line num="257" count="8" type="cond" truecount="5" falsecount="1"/>
        <line num="259" count="4" type="stmt"/>
        <line num="261" count="1" type="stmt"/>
        <line num="263" count="1" type="stmt"/>
        <line num="265" count="1" type="stmt"/>
        <line num="267" count="1" type="cond" truecount="1" falsecount="1"/>
        <line num="269" count="0" type="stmt"/>
        <line num="276" count="5" type="stmt"/>
        <line num="277" count="4" type="cond" truecount="2" falsecount="0"/>
        <line num="278" count="1" type="stmt"/>
        <line num="281" count="3" type="stmt"/>
        <line num="283" count="3" type="stmt"/>
      </file>
      <file name="review-statistics.ts" path="C:\Users\USER\My Apps\pathly\src\utils\review-statistics.ts">
        <metrics statements="45" coveredstatements="45" conditionals="16" coveredconditionals="16" methods="9" coveredmethods="9"/>
        <line num="25" count="1" type="stmt"/>
        <line num="26" count="6" type="stmt"/>
        <line num="27" count="6" type="stmt"/>
        <line num="28" count="6" type="stmt"/>
        <line num="29" count="6" type="stmt"/>
        <line num="30" count="6" type="stmt"/>
        <line num="32" count="6" type="stmt"/>
        <line num="33" count="6" type="stmt"/>
        <line num="34" count="6" type="stmt"/>
        <line num="36" count="6" type="stmt"/>
        <line num="46" count="1" type="stmt"/>
        <line num="47" count="2" type="stmt"/>
        <line num="48" count="2" type="stmt"/>
        <line num="49" count="2" type="stmt"/>
        <line num="51" count="2" type="stmt"/>
        <line num="52" count="2" type="stmt"/>
        <line num="54" count="2" type="stmt"/>
        <line num="64" count="1" type="stmt"/>
        <line num="65" count="3" type="stmt"/>
        <line num="66" count="3" type="stmt"/>
        <line num="67" count="3" type="stmt"/>
        <line num="69" count="3" type="stmt"/>
        <line num="79" count="1" type="stmt"/>
        <line num="80" count="1" type="stmt"/>
        <line num="81" count="1" type="stmt"/>
        <line num="82" count="1" type="stmt"/>
        <line num="84" count="1" type="stmt"/>
        <line num="94" count="1" type="stmt"/>
        <line num="99" count="7" type="stmt"/>
        <line num="100" count="15" type="cond" truecount="2" falsecount="0"/>
        <line num="101" count="8" type="cond" truecount="2" falsecount="0"/>
        <line num="105" count="7" type="stmt"/>
        <line num="106" count="15" type="cond" truecount="2" falsecount="0"/>
        <line num="110" count="7" type="cond" truecount="2" falsecount="0"/>
        <line num="113" count="7" type="stmt"/>
        <line num="114" count="7" type="cond" truecount="2" falsecount="0"/>
        <line num="116" count="7" type="stmt"/>
        <line num="128" count="1" type="stmt"/>
        <line num="129" count="8" type="cond" truecount="2" falsecount="0"/>
        <line num="130" count="1" type="stmt"/>
        <line num="131" count="7" type="cond" truecount="2" falsecount="0"/>
        <line num="132" count="3" type="stmt"/>
        <line num="133" count="4" type="cond" truecount="2" falsecount="0"/>
        <line num="134" count="3" type="stmt"/>
        <line num="136" count="1" type="stmt"/>
      </file>
      <file name="statistics.ts" path="C:\Users\USER\My Apps\pathly\src\utils\statistics.ts">
        <metrics statements="80" coveredstatements="80" conditionals="51" coveredconditionals="46" methods="19" coveredmethods="19"/>
        <line num="6" count="4" type="stmt"/>
        <line num="8" count="4" type="stmt"/>
        <line num="14" count="4" type="cond" truecount="2" falsecount="0"/>
        <line num="15" count="156" type="cond" truecount="2" falsecount="0"/>
        <line num="16" count="156" type="cond" truecount="3" falsecount="0"/>
        <line num="20" count="50" type="stmt"/>
        <line num="21" count="156" type="cond" truecount="2" falsecount="0"/>
        <line num="23" count="148" type="cond" truecount="2" falsecount="0"/>
        <line num="25" count="6" type="stmt"/>
        <line num="28" count="142" type="cond" truecount="2" falsecount="0"/>
        <line num="33" count="50" type="stmt"/>
        <line num="34" count="11" type="stmt"/>
        <line num="35" count="9" type="stmt"/>
        <line num="38" count="50" type="stmt"/>
        <line num="39" count="50" type="stmt"/>
        <line num="40" count="50" type="stmt"/>
        <line num="42" count="50" type="stmt"/>
        <line num="43" count="50" type="stmt"/>
        <line num="44" count="50" type="stmt"/>
        <line num="45" count="50" type="stmt"/>
        <line num="48" count="50" type="stmt"/>
        <line num="49" count="156" type="stmt"/>
        <line num="50" count="92" type="cond" truecount="2" falsecount="2"/>
        <line num="52" count="50" type="cond" truecount="2" falsecount="0"/>
        <line num="53" count="25" type="cond" truecount="1" falsecount="1"/>
        <line num="56" count="25" type="stmt"/>
        <line num="57" count="85" type="stmt"/>
        <line num="58" count="85" type="stmt"/>
        <line num="60" count="85" type="stmt"/>
        <line num="61" count="301" type="cond" truecount="3" falsecount="0"/>
        <line num="64" count="85" type="cond" truecount="2" falsecount="0"/>
        <line num="65" count="60" type="stmt"/>
        <line num="66" count="60" type="cond" truecount="1" falsecount="1"/>
        <line num="67" count="60" type="stmt"/>
        <line num="69" count="25" type="cond" truecount="1" falsecount="1"/>
        <line num="71" count="25" type="stmt"/>
        <line num="74" count="60" type="stmt"/>
        <line num="78" count="50" type="cond" truecount="2" falsecount="0"/>
        <line num="81" count="156" type="cond" truecount="2" falsecount="0"/>
        <line num="84" count="50" type="stmt"/>
        <line num="86" count="50" type="stmt"/>
        <line num="88" count="500" type="stmt"/>
        <line num="96" count="47" type="stmt"/>
        <line num="98" count="50" type="stmt"/>
        <line num="115" count="4" type="stmt"/>
        <line num="119" count="5" type="stmt"/>
        <line num="120" count="13" type="stmt"/>
        <line num="127" count="4" type="stmt"/>
        <line num="128" count="4" type="cond" truecount="2" falsecount="0"/>
        <line num="129" count="3" type="cond" truecount="2" falsecount="0"/>
        <line num="130" count="2" type="stmt"/>
        <line num="136" count="4" type="stmt"/>
        <line num="137" count="50" type="cond" truecount="2" falsecount="0"/>
        <line num="139" count="25" type="stmt"/>
        <line num="140" count="25" type="stmt"/>
        <line num="141" count="25" type="stmt"/>
        <line num="144" count="25" type="stmt"/>
        <line num="145" count="80" type="stmt"/>
        <line num="146" count="80" type="stmt"/>
        <line num="148" count="80" type="stmt"/>
        <line num="149" count="257" type="cond" truecount="3" falsecount="0"/>
        <line num="152" count="80" type="cond" truecount="2" falsecount="0"/>
        <line num="153" count="23" type="stmt"/>
        <line num="156" count="57" type="stmt"/>
        <line num="159" count="2" type="stmt"/>
        <line num="165" count="4" type="stmt"/>
        <line num="169" count="75" type="stmt"/>
        <line num="170" count="17" type="cond" truecount="2" falsecount="0"/>
        <line num="172" count="15" type="stmt"/>
        <line num="173" count="15" type="stmt"/>
        <line num="175" count="15" type="stmt"/>
        <line num="176" count="15" type="cond" truecount="4" falsecount="0"/>
        <line num="178" count="7" type="stmt"/>
        <line num="179" count="7" type="stmt"/>
        <line num="181" count="4" type="stmt"/>
        <line num="182" count="4" type="stmt"/>
        <line num="184" count="2" type="stmt"/>
        <line num="185" count="2" type="stmt"/>
        <line num="187" count="2" type="stmt"/>
        <line num="190" count="15" type="stmt"/>
      </file>
      <file name="validation.ts" path="C:\Users\USER\My Apps\pathly\src\utils\validation.ts">
        <metrics statements="35" coveredstatements="35" conditionals="44" coveredconditionals="44" methods="2" coveredmethods="2"/>
        <line num="5" count="1" type="stmt"/>
        <line num="18" count="1" type="stmt"/>
        <line num="21" count="21" type="stmt"/>
        <line num="24" count="21" type="cond" truecount="4" falsecount="0"/>
        <line num="25" count="3" type="stmt"/>
        <line num="26" count="18" type="cond" truecount="2" falsecount="0"/>
        <line num="27" count="1" type="stmt"/>
        <line num="31" count="21" type="cond" truecount="4" falsecount="0"/>
        <line num="32" count="1" type="stmt"/>
        <line num="33" count="20" type="cond" truecount="2" falsecount="0"/>
        <line num="34" count="3" type="stmt"/>
        <line num="35" count="17" type="cond" truecount="2" falsecount="0"/>
        <line num="36" count="1" type="stmt"/>
        <line num="40" count="21" type="cond" truecount="4" falsecount="0"/>
        <line num="41" count="1" type="stmt"/>
        <line num="42" count="20" type="cond" truecount="2" falsecount="0"/>
        <line num="43" count="2" type="stmt"/>
        <line num="44" count="18" type="cond" truecount="2" falsecount="0"/>
        <line num="45" count="1" type="stmt"/>
        <line num="49" count="21" type="cond" truecount="4" falsecount="0"/>
        <line num="50" count="3" type="stmt"/>
        <line num="51" count="18" type="cond" truecount="2" falsecount="0"/>
        <line num="52" count="1" type="stmt"/>
        <line num="56" count="21" type="cond" truecount="4" falsecount="0"/>
        <line num="57" count="20" type="cond" truecount="2" falsecount="0"/>
        <line num="58" count="2" type="stmt"/>
        <line num="59" count="18" type="cond" truecount="2" falsecount="0"/>
        <line num="60" count="1" type="stmt"/>
        <line num="64" count="21" type="stmt"/>
        <line num="75" count="1" type="stmt"/>
        <line num="77" count="17" type="stmt"/>
        <line num="78" count="17" type="cond" truecount="2" falsecount="0"/>
        <line num="80" count="15" type="stmt"/>
        <line num="81" count="15" type="cond" truecount="4" falsecount="0"/>
        <line num="85" count="11" type="cond" truecount="2" falsecount="0"/>
      </file>
    </package>
  </project>
</coverage>
