{"C:\\Users\\USER\\My Apps\\pathly\\src\\constants\\achievements.ts": {"path":"C:\\Users\\USER\\My Apps\\pathly\\src\\constants\\achievements.ts","statementMap":{"0":{"start":{"line":6,"column":0},"end":{"line":6,"column":52}},"1":{"start":{"line":9,"column":31},"end":{"line":113,"column":1}},"2":{"start":{"line":10,"column":12},"end":{"line":10,"column":47}},"3":{"start":{"line":11,"column":2},"end":{"line":112,"column":2}},"4":{"start":{"line":9,"column":13},"end":{"line":9,"column":31}},"5":{"start":{"line":116,"column":13},"end":{"line":116,"column":50}},"6":{"start":{"line":118,"column":37},"end":{"line":120,"column":1}},"7":{"start":{"line":119,"column":2},"end":{"line":119,"column":39}},"8":{"start":{"line":118,"column":13},"end":{"line":118,"column":37}},"9":{"start":{"line":122,"column":13},"end":{"line":122,"column":63}},"10":{"start":{"line":127,"column":30},"end":{"line":130,"column":1}},"11":{"start":{"line":128,"column":17},"end":{"line":128,"column":48}},"12":{"start":{"line":129,"column":2},"end":{"line":129,"column":59}},"13":{"start":{"line":127,"column":13},"end":{"line":127,"column":30}},"14":{"start":{"line":135,"column":32},"end":{"line":153,"column":1}},"15":{"start":{"line":139,"column":2},"end":{"line":152,"column":3}},"16":{"start":{"line":141,"column":6},"end":{"line":141,"column":67}},"17":{"start":{"line":143,"column":6},"end":{"line":143,"column":64}},"18":{"start":{"line":145,"column":6},"end":{"line":145,"column":66}},"19":{"start":{"line":147,"column":6},"end":{"line":147,"column":66}},"20":{"start":{"line":149,"column":6},"end":{"line":149,"column":31}},"21":{"start":{"line":151,"column":6},"end":{"line":151,"column":19}},"22":{"start":{"line":135,"column":13},"end":{"line":135,"column":32}}},"fnMap":{"0":{"name":"(anonymous_0)","decl":{"start":{"line":9,"column":31},"end":{"line":9,"column":32}},"loc":{"start":{"line":9,"column":72},"end":{"line":113,"column":1}}},"1":{"name":"(anonymous_1)","decl":{"start":{"line":118,"column":37},"end":{"line":118,"column":38}},"loc":{"start":{"line":118,"column":73},"end":{"line":120,"column":1}}},"2":{"name":"(anonymous_2)","decl":{"start":{"line":127,"column":30},"end":{"line":127,"column":31}},"loc":{"start":{"line":127,"column":71},"end":{"line":130,"column":1}}},"3":{"name":"(anonymous_3)","decl":{"start":{"line":135,"column":32},"end":{"line":135,"column":null}},"loc":{"start":{"line":138,"column":13},"end":{"line":153,"column":1}}}},"branchMap":{"0":{"loc":{"start":{"line":127,"column":31},"end":{"line":127,"column":59}},"type":"default-arg","locations":[{"start":{"line":127,"column":55},"end":{"line":127,"column":59}}]},"1":{"loc":{"start":{"line":139,"column":2},"end":{"line":152,"column":3}},"type":"switch","locations":[{"start":{"line":140,"column":4},"end":{"line":141,"column":67}},{"start":{"line":142,"column":4},"end":{"line":143,"column":64}},{"start":{"line":144,"column":4},"end":{"line":145,"column":66}},{"start":{"line":146,"column":4},"end":{"line":147,"column":66}},{"start":{"line":148,"column":4},"end":{"line":149,"column":31}},{"start":{"line":150,"column":4},"end":{"line":151,"column":19}}]}},"s":{"0":5,"1":5,"2":18,"3":18,"4":5,"5":5,"6":5,"7":11,"8":5,"9":5,"10":5,"11":3,"12":3,"13":5,"14":5,"15":507,"16":152,"17":101,"18":151,"19":51,"20":51,"21":1,"22":5},"f":{"0":18,"1":11,"2":3,"3":507},"b":{"0":[1],"1":[152,101,151,51,51,1]}}
,"C:\\Users\\USER\\My Apps\\pathly\\src\\constants\\icons.ts": {"path":"C:\\Users\\USER\\My Apps\\pathly\\src\\constants\\icons.ts","statementMap":{"0":{"start":{"line":40,"column":0},"end":{"line":40,"column":16}},"1":{"start":{"line":47,"column":0},"end":{"line":47,"column":16}},"2":{"start":{"line":7,"column":13},"end":{"line":25,"column":2}},"3":{"start":{"line":28,"column":13},"end":{"line":28,"column":81}},"4":{"start":{"line":31,"column":13},"end":{"line":31,"column":38}},"5":{"start":{"line":32,"column":13},"end":{"line":32,"column":40}},"6":{"start":{"line":41,"column":2},"end":{"line":41,"column":81}},"7":{"start":{"line":48,"column":12},"end":{"line":48,"column":38}},"8":{"start":{"line":49,"column":2},"end":{"line":49,"column":35}},"9":{"start":{"line":49,"column":10},"end":{"line":49,"column":35}},"10":{"start":{"line":52,"column":31},"end":{"line":52,"column":33}},"11":{"start":{"line":53,"column":2},"end":{"line":57,"column":5}},"12":{"start":{"line":54,"column":4},"end":{"line":56,"column":5}},"13":{"start":{"line":55,"column":6},"end":{"line":55,"column":32}},"14":{"start":{"line":58,"column":2},"end":{"line":58,"column":47}},"15":{"start":{"line":58,"column":29},"end":{"line":58,"column":47}},"16":{"start":{"line":63,"column":19},"end":{"line":63,"column":109}},"17":{"start":{"line":63,"column":54},"end":{"line":63,"column":108}},"18":{"start":{"line":64,"column":2},"end":{"line":64,"column":60}}},"fnMap":{"0":{"name":"getRandomIcon","decl":{"start":{"line":40,"column":16},"end":{"line":40,"column":29}},"loc":{"start":{"line":40,"column":29},"end":{"line":42,"column":1}}},"1":{"name":"searchIcons","decl":{"start":{"line":47,"column":16},"end":{"line":47,"column":27}},"loc":{"start":{"line":47,"column":41},"end":{"line":65,"column":1}}},"2":{"name":"(anonymous_2)","decl":{"start":{"line":53,"column":42},"end":{"line":53,"column":43}},"loc":{"start":{"line":53,"column":64},"end":{"line":57,"column":3}}},"3":{"name":"(anonymous_3)","decl":{"start":{"line":63,"column":44},"end":{"line":63,"column":45}},"loc":{"start":{"line":63,"column":54},"end":{"line":63,"column":108}}}},"branchMap":{"0":{"loc":{"start":{"line":49,"column":2},"end":{"line":49,"column":35}},"type":"if","locations":[{"start":{"line":49,"column":2},"end":{"line":49,"column":35}},{"start":{},"end":{}}]},"1":{"loc":{"start":{"line":54,"column":4},"end":{"line":56,"column":5}},"type":"if","locations":[{"start":{"line":54,"column":4},"end":{"line":56,"column":5}},{"start":{},"end":{}}]},"2":{"loc":{"start":{"line":58,"column":2},"end":{"line":58,"column":47}},"type":"if","locations":[{"start":{"line":58,"column":2},"end":{"line":58,"column":47}},{"start":{},"end":{}}]},"3":{"loc":{"start":{"line":63,"column":54},"end":{"line":63,"column":108}},"type":"binary-expr","locations":[{"start":{"line":63,"column":54},"end":{"line":63,"column":74}},{"start":{"line":63,"column":78},"end":{"line":63,"column":108}}]},"4":{"loc":{"start":{"line":64,"column":9},"end":{"line":64,"column":59}},"type":"cond-expr","locations":[{"start":{"line":64,"column":31},"end":{"line":64,"column":39}},{"start":{"line":64,"column":42},"end":{"line":64,"column":59}}]}},"s":{"0":1,"1":1,"2":1,"3":1,"4":1,"5":1,"6":21,"7":9,"8":9,"9":2,"10":7,"11":7,"12":119,"13":12,"14":7,"15":5,"16":2,"17":164,"18":2},"f":{"0":21,"1":9,"2":119,"3":164},"b":{"0":[2,7],"1":[12,107],"2":[5,2],"3":[164,163],"4":[1,1]}}
,"C:\\Users\\USER\\My Apps\\pathly\\src\\constants\\storage-keys.ts": {"path":"C:\\Users\\USER\\My Apps\\pathly\\src\\constants\\storage-keys.ts","statementMap":{"0":{"start":{"line":6,"column":13},"end":{"line":12,"column":11}},"1":{"start":{"line":14,"column":13},"end":{"line":14,"column":45}}},"fnMap":{},"branchMap":{},"s":{"0":3,"1":3},"f":{},"b":{}}
,"C:\\Users\\USER\\My Apps\\pathly\\src\\constants\\validation.ts": {"path":"C:\\Users\\USER\\My Apps\\pathly\\src\\constants\\validation.ts","statementMap":{"0":{"start":{"line":5,"column":13},"end":{"line":26,"column":11}},"1":{"start":{"line":28,"column":13},"end":{"line":34,"column":11}}},"fnMap":{},"branchMap":{},"s":{"0":1,"1":1},"f":{},"b":{}}
,"C:\\Users\\USER\\My Apps\\pathly\\src\\utils\\goal-calculations.ts": {"path":"C:\\Users\\USER\\My Apps\\pathly\\src\\utils\\goal-calculations.ts","statementMap":{"0":{"start":{"line":16,"column":37},"end":{"line":40,"column":1}},"1":{"start":{"line":21,"column":2},"end":{"line":31,"column":3}},"2":{"start":{"line":22,"column":30},"end":{"line":25,"column":63}},"3":{"start":{"line":23,"column":24},"end":{"line":23,"column":62}},"4":{"start":{"line":23,"column":43},"end":{"line":23,"column":61}},"5":{"start":{"line":24,"column":44},"end":{"line":24,"column":65}},"6":{"start":{"line":25,"column":22},"end":{"line":25,"column":62}},"7":{"start":{"line":27,"column":4},"end":{"line":27,"column":49}},"8":{"start":{"line":27,"column":40},"end":{"line":27,"column":49}},"9":{"start":{"line":29,"column":16},"end":{"line":29,"column":78}},"10":{"start":{"line":29,"column":60},"end":{"line":29,"column":74}},"11":{"start":{"line":30,"column":4},"end":{"line":30,"column":42}},"12":{"start":{"line":34,"column":2},"end":{"line":39,"column":4}},"13":{"start":{"line":16,"column":13},"end":{"line":16,"column":37}},"14":{"start":{"line":50,"column":33},"end":{"line":81,"column":1}},"15":{"start":{"line":56,"column":2},"end":{"line":56,"column":28}},"16":{"start":{"line":56,"column":19},"end":{"line":56,"column":28}},"17":{"start":{"line":60,"column":2},"end":{"line":78,"column":3}},"18":{"start":{"line":63,"column":4},"end":{"line":63,"column":40}},"19":{"start":{"line":68,"column":20},"end":{"line":68,"column":43}},"20":{"start":{"line":69,"column":26},"end":{"line":69,"column":42}},"21":{"start":{"line":71,"column":4},"end":{"line":74,"column":5}},"22":{"start":{"line":73,"column":6},"end":{"line":73,"column":41}},"23":{"start":{"line":76,"column":29},"end":{"line":76,"column":46}},"24":{"start":{"line":77,"column":4},"end":{"line":77,"column":56}},"25":{"start":{"line":80,"column":2},"end":{"line":80,"column":46}},"26":{"start":{"line":50,"column":13},"end":{"line":50,"column":33}},"27":{"start":{"line":90,"column":34},"end":{"line":96,"column":1}},"28":{"start":{"line":95,"column":2},"end":{"line":95,"column":42}},"29":{"start":{"line":90,"column":13},"end":{"line":90,"column":34}},"30":{"start":{"line":103,"column":31},"end":{"line":105,"column":1}},"31":{"start":{"line":104,"column":2},"end":{"line":104,"column":25}},"32":{"start":{"line":103,"column":13},"end":{"line":103,"column":31}},"33":{"start":{"line":114,"column":38},"end":{"line":151,"column":1}},"34":{"start":{"line":120,"column":2},"end":{"line":122,"column":3}},"35":{"start":{"line":121,"column":4},"end":{"line":121,"column":20}},"36":{"start":{"line":124,"column":20},"end":{"line":124,"column":45}},"37":{"start":{"line":125,"column":18},"end":{"line":125,"column":37}},"38":{"start":{"line":128,"column":2},"end":{"line":144,"column":3}},"39":{"start":{"line":130,"column":6},"end":{"line":130,"column":45}},"40":{"start":{"line":131,"column":6},"end":{"line":131,"column":12}},"41":{"start":{"line":133,"column":6},"end":{"line":133,"column":45}},"42":{"start":{"line":134,"column":6},"end":{"line":134,"column":12}},"43":{"start":{"line":136,"column":6},"end":{"line":136,"column":47}},"44":{"start":{"line":137,"column":6},"end":{"line":137,"column":12}},"45":{"start":{"line":139,"column":6},"end":{"line":139,"column":53}},"46":{"start":{"line":140,"column":6},"end":{"line":140,"column":12}},"47":{"start":{"line":142,"column":6},"end":{"line":142,"column":67}},"48":{"start":{"line":143,"column":6},"end":{"line":143,"column":12}},"49":{"start":{"line":148,"column":2},"end":{"line":148,"column":36}},"50":{"start":{"line":150,"column":2},"end":{"line":150,"column":27}},"51":{"start":{"line":114,"column":13},"end":{"line":114,"column":38}},"52":{"start":{"line":161,"column":38},"end":{"line":205,"column":1}},"53":{"start":{"line":174,"column":2},"end":{"line":176,"column":3}},"54":{"start":{"line":175,"column":4},"end":{"line":175,"column":89}},"55":{"start":{"line":178,"column":2},"end":{"line":180,"column":3}},"56":{"start":{"line":179,"column":4},"end":{"line":179,"column":75}},"57":{"start":{"line":182,"column":18},"end":{"line":182,"column":83}},"58":{"start":{"line":183,"column":14},"end":{"line":183,"column":24}},"59":{"start":{"line":184,"column":15},"end":{"line":184,"column":28}},"60":{"start":{"line":187,"column":2},"end":{"line":190,"column":3}},"61":{"start":{"line":189,"column":4},"end":{"line":189,"column":82}},"62":{"start":{"line":193,"column":23},"end":{"line":193,"column":53}},"63":{"start":{"line":194,"column":15},"end":{"line":194,"column":51}},"64":{"start":{"line":195,"column":16},"end":{"line":195,"column":59}},"65":{"start":{"line":196,"column":18},"end":{"line":196,"column":35}},"66":{"start":{"line":198,"column":2},"end":{"line":204,"column":4}},"67":{"start":{"line":161,"column":13},"end":{"line":161,"column":38}},"68":{"start":{"line":214,"column":35},"end":{"line":288,"column":1}},"69":{"start":{"line":238,"column":2},"end":{"line":240,"column":3}},"70":{"start":{"line":239,"column":4},"end":{"line":239,"column":46}},"71":{"start":{"line":242,"column":35},"end":{"line":242,"column":48}},"72":{"start":{"line":245,"column":2},"end":{"line":247,"column":3}},"73":{"start":{"line":246,"column":4},"end":{"line":246,"column":14}},"74":{"start":{"line":248,"column":26},"end":{"line":248,"column":28}},"75":{"start":{"line":251,"column":23},"end":{"line":256,"column":3}},"76":{"start":{"line":252,"column":4},"end":{"line":252,"column":43}},"77":{"start":{"line":252,"column":21},"end":{"line":252,"column":43}},"78":{"start":{"line":253,"column":4},"end":{"line":253,"column":41}},"79":{"start":{"line":253,"column":29},"end":{"line":253,"column":41}},"80":{"start":{"line":254,"column":4},"end":{"line":254,"column":43}},"81":{"start":{"line":254,"column":21},"end":{"line":254,"column":43}},"82":{"start":{"line":255,"column":4},"end":{"line":255,"column":36}},"83":{"start":{"line":258,"column":2},"end":{"line":276,"column":3}},"84":{"start":{"line":259,"column":21},"end":{"line":259,"column":101}},"85":{"start":{"line":260,"column":4},"end":{"line":260,"column":38}},"86":{"start":{"line":261,"column":4},"end":{"line":264,"column":5}},"87":{"start":{"line":262,"column":24},"end":{"line":262,"column":108}},"88":{"start":{"line":263,"column":6},"end":{"line":263,"column":42}},"89":{"start":{"line":266,"column":9},"end":{"line":276,"column":3}},"90":{"start":{"line":267,"column":22},"end":{"line":267,"column":106}},"91":{"start":{"line":268,"column":4},"end":{"line":268,"column":40}},"92":{"start":{"line":269,"column":4},"end":{"line":272,"column":5}},"93":{"start":{"line":270,"column":26},"end":{"line":270,"column":118}},"94":{"start":{"line":271,"column":6},"end":{"line":271,"column":46}},"95":{"start":{"line":274,"column":24},"end":{"line":274,"column":116}},"96":{"start":{"line":275,"column":4},"end":{"line":275,"column":44}},"97":{"start":{"line":278,"column":20},"end":{"line":278,"column":46}},"98":{"start":{"line":279,"column":21},"end":{"line":279,"column":49}},"99":{"start":{"line":280,"column":17},"end":{"line":280,"column":45}},"100":{"start":{"line":283,"column":2},"end":{"line":285,"column":3}},"101":{"start":{"line":284,"column":4},"end":{"line":284,"column":52}},"102":{"start":{"line":287,"column":2},"end":{"line":287,"column":35}},"103":{"start":{"line":214,"column":13},"end":{"line":214,"column":35}},"104":{"start":{"line":298,"column":33},"end":{"line":328,"column":1}},"105":{"start":{"line":305,"column":2},"end":{"line":307,"column":3}},"106":{"start":{"line":306,"column":4},"end":{"line":306,"column":14}},"107":{"start":{"line":309,"column":2},"end":{"line":311,"column":3}},"108":{"start":{"line":310,"column":4},"end":{"line":310,"column":14}},"109":{"start":{"line":313,"column":18},"end":{"line":313,"column":93}},"110":{"start":{"line":316,"column":17},"end":{"line":316,"column":54}},"111":{"start":{"line":319,"column":50},"end":{"line":325,"column":4}},"112":{"start":{"line":327,"column":2},"end":{"line":327,"column":53}},"113":{"start":{"line":298,"column":13},"end":{"line":298,"column":33}}},"fnMap":{"0":{"name":"(anonymous_0)","decl":{"start":{"line":16,"column":37},"end":{"line":16,"column":null}},"loc":{"start":{"line":19,"column":12},"end":{"line":40,"column":1}}},"1":{"name":"(anonymous_1)","decl":{"start":{"line":23,"column":11},"end":{"line":23,"column":20}},"loc":{"start":{"line":23,"column":24},"end":{"line":23,"column":62}}},"2":{"name":"(anonymous_2)","decl":{"start":{"line":23,"column":38},"end":{"line":23,"column":39}},"loc":{"start":{"line":23,"column":43},"end":{"line":23,"column":61}}},"3":{"name":"(anonymous_3)","decl":{"start":{"line":24,"column":14},"end":{"line":24,"column":15}},"loc":{"start":{"line":24,"column":44},"end":{"line":24,"column":65}}},"4":{"name":"(anonymous_4)","decl":{"start":{"line":25,"column":11},"end":{"line":25,"column":18}},"loc":{"start":{"line":25,"column":22},"end":{"line":25,"column":62}}},"5":{"name":"(anonymous_5)","decl":{"start":{"line":29,"column":41},"end":{"line":29,"column":42}},"loc":{"start":{"line":29,"column":60},"end":{"line":29,"column":74}}},"6":{"name":"(anonymous_6)","decl":{"start":{"line":50,"column":33},"end":{"line":50,"column":null}},"loc":{"start":{"line":55,"column":12},"end":{"line":81,"column":1}}},"7":{"name":"(anonymous_7)","decl":{"start":{"line":90,"column":34},"end":{"line":90,"column":null}},"loc":{"start":{"line":94,"column":12},"end":{"line":96,"column":1}}},"8":{"name":"(anonymous_8)","decl":{"start":{"line":103,"column":31},"end":{"line":103,"column":32}},"loc":{"start":{"line":103,"column":61},"end":{"line":105,"column":1}}},"9":{"name":"(anonymous_9)","decl":{"start":{"line":114,"column":38},"end":{"line":114,"column":null}},"loc":{"start":{"line":118,"column":12},"end":{"line":151,"column":1}}},"10":{"name":"(anonymous_10)","decl":{"start":{"line":161,"column":38},"end":{"line":161,"column":null}},"loc":{"start":{"line":172,"column":4},"end":{"line":205,"column":1}}},"11":{"name":"(anonymous_11)","decl":{"start":{"line":214,"column":35},"end":{"line":214,"column":null}},"loc":{"start":{"line":237,"column":12},"end":{"line":288,"column":1}}},"12":{"name":"(anonymous_12)","decl":{"start":{"line":251,"column":23},"end":{"line":251,"column":24}},"loc":{"start":{"line":251,"column":100},"end":{"line":256,"column":3}}},"13":{"name":"(anonymous_13)","decl":{"start":{"line":298,"column":33},"end":{"line":298,"column":null}},"loc":{"start":{"line":303,"column":12},"end":{"line":328,"column":1}}}},"branchMap":{"0":{"loc":{"start":{"line":21,"column":2},"end":{"line":31,"column":3}},"type":"if","locations":[{"start":{"line":21,"column":2},"end":{"line":31,"column":3}},{"start":{},"end":{}}]},"1":{"loc":{"start":{"line":21,"column":6},"end":{"line":21,"column":47}},"type":"binary-expr","locations":[{"start":{"line":21,"column":6},"end":{"line":21,"column":19}},{"start":{"line":21,"column":23},"end":{"line":21,"column":47}}]},"2":{"loc":{"start":{"line":27,"column":4},"end":{"line":27,"column":49}},"type":"if","locations":[{"start":{"line":27,"column":4},"end":{"line":27,"column":49}},{"start":{},"end":{}}]},"3":{"loc":{"start":{"line":56,"column":2},"end":{"line":56,"column":28}},"type":"if","locations":[{"start":{"line":56,"column":2},"end":{"line":56,"column":28}},{"start":{},"end":{}}]},"4":{"loc":{"start":{"line":60,"column":2},"end":{"line":78,"column":3}},"type":"if","locations":[{"start":{"line":60,"column":2},"end":{"line":78,"column":3}},{"start":{"line":64,"column":9},"end":{"line":78,"column":3}}]},"5":{"loc":{"start":{"line":68,"column":20},"end":{"line":68,"column":43}},"type":"binary-expr","locations":[{"start":{"line":68,"column":20},"end":{"line":68,"column":32}},{"start":{"line":68,"column":36},"end":{"line":68,"column":43}}]},"6":{"loc":{"start":{"line":71,"column":4},"end":{"line":74,"column":5}},"type":"if","locations":[{"start":{"line":71,"column":4},"end":{"line":74,"column":5}},{"start":{},"end":{}}]},"7":{"loc":{"start":{"line":73,"column":13},"end":{"line":73,"column":40}},"type":"cond-expr","locations":[{"start":{"line":73,"column":33},"end":{"line":73,"column":36}},{"start":{"line":73,"column":39},"end":{"line":73,"column":40}}]},"8":{"loc":{"start":{"line":120,"column":2},"end":{"line":122,"column":3}},"type":"if","locations":[{"start":{"line":120,"column":2},"end":{"line":122,"column":3}},{"start":{},"end":{}}]},"9":{"loc":{"start":{"line":128,"column":2},"end":{"line":144,"column":3}},"type":"switch","locations":[{"start":{"line":129,"column":4},"end":{"line":131,"column":12}},{"start":{"line":132,"column":4},"end":{"line":134,"column":12}},{"start":{"line":135,"column":4},"end":{"line":137,"column":12}},{"start":{"line":138,"column":4},"end":{"line":140,"column":12}},{"start":{"line":141,"column":4},"end":{"line":143,"column":12}}]},"10":{"loc":{"start":{"line":142,"column":43},"end":{"line":142,"column":64}},"type":"binary-expr","locations":[{"start":{"line":142,"column":43},"end":{"line":142,"column":59}},{"start":{"line":142,"column":63},"end":{"line":142,"column":64}}]},"11":{"loc":{"start":{"line":174,"column":2},"end":{"line":176,"column":3}},"type":"if","locations":[{"start":{"line":174,"column":2},"end":{"line":176,"column":3}},{"start":{},"end":{}}]},"12":{"loc":{"start":{"line":178,"column":2},"end":{"line":180,"column":3}},"type":"if","locations":[{"start":{"line":178,"column":2},"end":{"line":180,"column":3}},{"start":{},"end":{}}]},"13":{"loc":{"start":{"line":187,"column":2},"end":{"line":190,"column":3}},"type":"if","locations":[{"start":{"line":187,"column":2},"end":{"line":190,"column":3}},{"start":{},"end":{}}]},"14":{"loc":{"start":{"line":238,"column":2},"end":{"line":240,"column":3}},"type":"if","locations":[{"start":{"line":238,"column":2},"end":{"line":240,"column":3}},{"start":{},"end":{}}]},"15":{"loc":{"start":{"line":239,"column":11},"end":{"line":239,"column":45}},"type":"binary-expr","locations":[{"start":{"line":239,"column":11},"end":{"line":239,"column":32}},{"start":{"line":239,"column":36},"end":{"line":239,"column":45}}]},"16":{"loc":{"start":{"line":245,"column":2},"end":{"line":247,"column":3}},"type":"if","locations":[{"start":{"line":245,"column":2},"end":{"line":247,"column":3}},{"start":{},"end":{}}]},"17":{"loc":{"start":{"line":252,"column":4},"end":{"line":252,"column":43}},"type":"if","locations":[{"start":{"line":252,"column":4},"end":{"line":252,"column":43}},{"start":{},"end":{}}]},"18":{"loc":{"start":{"line":252,"column":28},"end":{"line":252,"column":42}},"type":"binary-expr","locations":[{"start":{"line":252,"column":28},"end":{"line":252,"column":36}},{"start":{"line":252,"column":40},"end":{"line":252,"column":42}}]},"19":{"loc":{"start":{"line":253,"column":4},"end":{"line":253,"column":41}},"type":"if","locations":[{"start":{"line":253,"column":4},"end":{"line":253,"column":41}},{"start":{},"end":{}}]},"20":{"loc":{"start":{"line":253,"column":8},"end":{"line":253,"column":27}},"type":"binary-expr","locations":[{"start":{"line":253,"column":8},"end":{"line":253,"column":19}},{"start":{"line":253,"column":23},"end":{"line":253,"column":27}}]},"21":{"loc":{"start":{"line":254,"column":4},"end":{"line":254,"column":43}},"type":"if","locations":[{"start":{"line":254,"column":4},"end":{"line":254,"column":43}},{"start":{},"end":{}}]},"22":{"loc":{"start":{"line":254,"column":28},"end":{"line":254,"column":42}},"type":"binary-expr","locations":[{"start":{"line":254,"column":28},"end":{"line":254,"column":36}},{"start":{"line":254,"column":40},"end":{"line":254,"column":42}}]},"23":{"loc":{"start":{"line":255,"column":11},"end":{"line":255,"column":35}},"type":"binary-expr","locations":[{"start":{"line":255,"column":11},"end":{"line":255,"column":17}},{"start":{"line":255,"column":21},"end":{"line":255,"column":29}},{"start":{"line":255,"column":33},"end":{"line":255,"column":35}}]},"24":{"loc":{"start":{"line":258,"column":2},"end":{"line":276,"column":3}},"type":"if","locations":[{"start":{"line":258,"column":2},"end":{"line":276,"column":3}},{"start":{"line":266,"column":9},"end":{"line":276,"column":3}}]},"25":{"loc":{"start":{"line":261,"column":4},"end":{"line":264,"column":5}},"type":"if","locations":[{"start":{"line":261,"column":4},"end":{"line":264,"column":5}},{"start":{},"end":{}}]},"26":{"loc":{"start":{"line":266,"column":9},"end":{"line":276,"column":3}},"type":"if","locations":[{"start":{"line":266,"column":9},"end":{"line":276,"column":3}},{"start":{"line":273,"column":9},"end":{"line":276,"column":3}}]},"27":{"loc":{"start":{"line":269,"column":4},"end":{"line":272,"column":5}},"type":"if","locations":[{"start":{"line":269,"column":4},"end":{"line":272,"column":5}},{"start":{},"end":{}}]},"28":{"loc":{"start":{"line":278,"column":20},"end":{"line":278,"column":46}},"type":"binary-expr","locations":[{"start":{"line":278,"column":20},"end":{"line":278,"column":37}},{"start":{"line":278,"column":41},"end":{"line":278,"column":46}}]},"29":{"loc":{"start":{"line":280,"column":17},"end":{"line":280,"column":45}},"type":"binary-expr","locations":[{"start":{"line":280,"column":17},"end":{"line":280,"column":35}},{"start":{"line":280,"column":39},"end":{"line":280,"column":45}}]},"30":{"loc":{"start":{"line":283,"column":2},"end":{"line":285,"column":3}},"type":"if","locations":[{"start":{"line":283,"column":2},"end":{"line":285,"column":3}},{"start":{},"end":{}}]},"31":{"loc":{"start":{"line":283,"column":6},"end":{"line":283,"column":43}},"type":"binary-expr","locations":[{"start":{"line":283,"column":6},"end":{"line":283,"column":17}},{"start":{"line":283,"column":21},"end":{"line":283,"column":43}}]},"32":{"loc":{"start":{"line":302,"column":2},"end":{"line":302,"column":30}},"type":"default-arg","locations":[{"start":{"line":302,"column":26},"end":{"line":302,"column":30}}]},"33":{"loc":{"start":{"line":305,"column":2},"end":{"line":307,"column":3}},"type":"if","locations":[{"start":{"line":305,"column":2},"end":{"line":307,"column":3}},{"start":{},"end":{}}]},"34":{"loc":{"start":{"line":309,"column":2},"end":{"line":311,"column":3}},"type":"if","locations":[{"start":{"line":309,"column":2},"end":{"line":311,"column":3}},{"start":{},"end":{}}]},"35":{"loc":{"start":{"line":316,"column":17},"end":{"line":316,"column":54}},"type":"cond-expr","locations":[{"start":{"line":316,"column":37},"end":{"line":316,"column":44}},{"start":{"line":316,"column":47},"end":{"line":316,"column":54}}]}},"s":{"0":2,"1":6,"2":2,"3":3,"4":6,"5":3,"6":2,"7":2,"8":1,"9":1,"10":2,"11":1,"12":4,"13":2,"14":2,"15":26,"16":3,"17":23,"18":15,"19":8,"20":8,"21":8,"22":2,"23":6,"24":6,"25":21,"26":2,"27":2,"28":3,"29":2,"30":2,"31":5,"32":2,"33":2,"34":20,"35":0,"36":20,"37":20,"38":20,"39":8,"40":8,"41":4,"42":4,"43":2,"44":2,"45":2,"46":2,"47":4,"48":4,"49":20,"50":20,"51":2,"52":2,"53":11,"54":1,"55":10,"56":1,"57":9,"58":9,"59":9,"60":9,"61":2,"62":7,"63":7,"64":7,"65":7,"66":7,"67":2,"68":2,"69":7,"70":1,"71":6,"72":6,"73":1,"74":5,"75":5,"76":8,"77":2,"78":6,"79":0,"80":6,"81":2,"82":4,"83":5,"84":3,"85":3,"86":3,"87":2,"88":2,"89":2,"90":1,"91":1,"92":1,"93":1,"94":1,"95":1,"96":1,"97":5,"98":5,"99":5,"100":5,"101":1,"102":4,"103":2,"104":2,"105":9,"106":1,"107":8,"108":1,"109":7,"110":7,"111":7,"112":7,"113":2},"f":{"0":6,"1":3,"2":6,"3":3,"4":2,"5":2,"6":26,"7":3,"8":5,"9":20,"10":11,"11":7,"12":8,"13":9},"b":{"0":[2,4],"1":[6,2],"2":[1,1],"3":[3,23],"4":[15,8],"5":[8,0],"6":[2,6],"7":[1,1],"8":[0,20],"9":[8,4,2,2,4],"10":[4,1],"11":[1,10],"12":[1,9],"13":[2,7],"14":[1,6],"15":[1,0],"16":[1,5],"17":[2,6],"18":[2,1],"19":[0,6],"20":[6,2],"21":[2,4],"22":[2,0],"23":[4,1,1],"24":[3,2],"25":[2,1],"26":[1,1],"27":[1,0],"28":[5,1],"29":[5,1],"30":[1,4],"31":[5,1],"32":[0],"33":[1,8],"34":[1,7],"35":[1,6]}}
,"C:\\Users\\USER\\My Apps\\pathly\\src\\utils\\number-formatting.ts": {"path":"C:\\Users\\USER\\My Apps\\pathly\\src\\utils\\number-formatting.ts","statementMap":{"0":{"start":{"line":12,"column":0},"end":{"line":12,"column":16}},"1":{"start":{"line":27,"column":0},"end":{"line":27,"column":16}},"2":{"start":{"line":36,"column":0},"end":{"line":36,"column":16}},"3":{"start":{"line":13,"column":17},"end":{"line":13,"column":33}},"4":{"start":{"line":15,"column":2},"end":{"line":19,"column":3}},"5":{"start":{"line":17,"column":27},"end":{"line":17,"column":77}},"6":{"start":{"line":18,"column":4},"end":{"line":18,"column":77}},"7":{"start":{"line":18,"column":44},"end":{"line":18,"column":75}},"8":{"start":{"line":21,"column":2},"end":{"line":21,"column":16}},"9":{"start":{"line":28,"column":18},"end":{"line":28,"column":35}},"10":{"start":{"line":29,"column":2},"end":{"line":29,"column":47}},"11":{"start":{"line":38,"column":26},"end":{"line":38,"column":76}},"12":{"start":{"line":39,"column":25},"end":{"line":39,"column":75}},"13":{"start":{"line":41,"column":19},"end":{"line":41,"column":24}},"14":{"start":{"line":42,"column":2},"end":{"line":44,"column":5}},"15":{"start":{"line":43,"column":4},"end":{"line":43,"column":85}},"16":{"start":{"line":46,"column":2},"end":{"line":46,"column":37}}},"fnMap":{"0":{"name":"formatNumber","decl":{"start":{"line":12,"column":16},"end":{"line":12,"column":28}},"loc":{"start":{"line":12,"column":71},"end":{"line":22,"column":1}}},"1":{"name":"(anonymous_1)","decl":{"start":{"line":18,"column":33},"end":{"line":18,"column":34}},"loc":{"start":{"line":18,"column":44},"end":{"line":18,"column":75}}},"2":{"name":"formatPercentage","decl":{"start":{"line":27,"column":16},"end":{"line":27,"column":32}},"loc":{"start":{"line":27,"column":66},"end":{"line":30,"column":1}}},"3":{"name":"parseFormattedNumber","decl":{"start":{"line":36,"column":16},"end":{"line":36,"column":36}},"loc":{"start":{"line":36,"column":50},"end":{"line":47,"column":1}}},"4":{"name":"(anonymous_4)","decl":{"start":{"line":42,"column":25},"end":{"line":42,"column":26}},"loc":{"start":{"line":42,"column":43},"end":{"line":44,"column":3}}}},"branchMap":{"0":{"loc":{"start":{"line":15,"column":2},"end":{"line":19,"column":3}},"type":"if","locations":[{"start":{"line":15,"column":2},"end":{"line":19,"column":3}},{"start":{},"end":{}}]},"1":{"loc":{"start":{"line":46,"column":9},"end":{"line":46,"column":36}},"type":"binary-expr","locations":[{"start":{"line":46,"column":9},"end":{"line":46,"column":31}},{"start":{"line":46,"column":35},"end":{"line":46,"column":36}}]}},"s":{"0":1,"1":1,"2":1,"3":38,"4":38,"5":21,"6":21,"7":48,"8":17,"9":12,"10":12,"11":30,"12":30,"13":30,"14":30,"15":300,"16":30},"f":{"0":38,"1":48,"2":12,"3":30,"4":300},"b":{"0":[21,17],"1":[30,5]}}
,"C:\\Users\\USER\\My Apps\\pathly\\src\\utils\\recurring-goals.ts": {"path":"C:\\Users\\USER\\My Apps\\pathly\\src\\utils\\recurring-goals.ts","statementMap":{"0":{"start":{"line":11,"column":0},"end":{"line":11,"column":16}},"1":{"start":{"line":28,"column":0},"end":{"line":28,"column":16}},"2":{"start":{"line":70,"column":0},"end":{"line":70,"column":16}},"3":{"start":{"line":86,"column":0},"end":{"line":86,"column":16}},"4":{"start":{"line":103,"column":0},"end":{"line":103,"column":16}},"5":{"start":{"line":132,"column":0},"end":{"line":132,"column":16}},"6":{"start":{"line":144,"column":0},"end":{"line":144,"column":16}},"7":{"start":{"line":151,"column":0},"end":{"line":151,"column":16}},"8":{"start":{"line":180,"column":0},"end":{"line":180,"column":16}},"9":{"start":{"line":276,"column":0},"end":{"line":276,"column":16}},"10":{"start":{"line":12,"column":2},"end":{"line":14,"column":3}},"11":{"start":{"line":13,"column":4},"end":{"line":13,"column":17}},"12":{"start":{"line":16,"column":14},"end":{"line":16,"column":24}},"13":{"start":{"line":17,"column":22},"end":{"line":17,"column":42}},"14":{"start":{"line":18,"column":20},"end":{"line":18,"column":85}},"15":{"start":{"line":22,"column":2},"end":{"line":22,"column":26}},"16":{"start":{"line":33,"column":16},"end":{"line":33,"column":35}},"17":{"start":{"line":35,"column":2},"end":{"line":64,"column":3}},"18":{"start":{"line":38,"column":23},"end":{"line":38,"column":38}},"19":{"start":{"line":39,"column":6},"end":{"line":39,"column":41}},"20":{"start":{"line":40,"column":6},"end":{"line":40,"column":32}},"21":{"start":{"line":44,"column":6},"end":{"line":44,"column":49}},"22":{"start":{"line":48,"column":24},"end":{"line":48,"column":39}},"23":{"start":{"line":49,"column":6},"end":{"line":49,"column":51}},"24":{"start":{"line":50,"column":6},"end":{"line":50,"column":33}},"25":{"start":{"line":54,"column":23},"end":{"line":54,"column":38}},"26":{"start":{"line":55,"column":6},"end":{"line":55,"column":55}},"27":{"start":{"line":56,"column":6},"end":{"line":56,"column":32}},"28":{"start":{"line":59,"column":6},"end":{"line":59,"column":46}},"29":{"start":{"line":59,"column":29},"end":{"line":59,"column":46}},"30":{"start":{"line":60,"column":6},"end":{"line":60,"column":64}},"31":{"start":{"line":63,"column":6},"end":{"line":63,"column":23}},"32":{"start":{"line":71,"column":2},"end":{"line":80,"column":4}},"33":{"start":{"line":88,"column":2},"end":{"line":90,"column":3}},"34":{"start":{"line":89,"column":4},"end":{"line":89,"column":16}},"35":{"start":{"line":92,"column":28},"end":{"line":92,"column":56}},"36":{"start":{"line":94,"column":2},"end":{"line":97,"column":4}},"37":{"start":{"line":104,"column":2},"end":{"line":126,"column":5}},"38":{"start":{"line":106,"column":4},"end":{"line":108,"column":5}},"39":{"start":{"line":107,"column":6},"end":{"line":107,"column":18}},"40":{"start":{"line":111,"column":4},"end":{"line":116,"column":5}},"41":{"start":{"line":112,"column":6},"end":{"line":115,"column":8}},"42":{"start":{"line":119,"column":4},"end":{"line":123,"column":5}},"43":{"start":{"line":121,"column":30},"end":{"line":121,"column":52}},"44":{"start":{"line":122,"column":6},"end":{"line":122,"column":40}},"45":{"start":{"line":125,"column":4},"end":{"line":125,"column":16}},"46":{"start":{"line":133,"column":2},"end":{"line":133,"column":56}},"47":{"start":{"line":133,"column":25},"end":{"line":133,"column":56}},"48":{"start":{"line":135,"column":23},"end":{"line":135,"column":58}},"49":{"start":{"line":136,"column":26},"end":{"line":136,"column":49}},"50":{"start":{"line":138,"column":2},"end":{"line":138,"column":40}},"51":{"start":{"line":145,"column":2},"end":{"line":145,"column":48}},"52":{"start":{"line":152,"column":2},"end":{"line":152,"column":39}},"53":{"start":{"line":152,"column":29},"end":{"line":152,"column":39}},"54":{"start":{"line":154,"column":14},"end":{"line":154,"column":24}},"55":{"start":{"line":155,"column":20},"end":{"line":155,"column":94}},"56":{"start":{"line":156,"column":20},"end":{"line":156,"column":35}},"57":{"start":{"line":158,"column":2},"end":{"line":158,"column":44}},"58":{"start":{"line":158,"column":22},"end":{"line":158,"column":44}},"59":{"start":{"line":160,"column":15},"end":{"line":160,"column":60}},"60":{"start":{"line":161,"column":16},"end":{"line":161,"column":82}},"61":{"start":{"line":163,"column":2},"end":{"line":165,"column":3}},"62":{"start":{"line":164,"column":4},"end":{"line":164,"column":42}},"63":{"start":{"line":167,"column":2},"end":{"line":170,"column":3}},"64":{"start":{"line":168,"column":20},"end":{"line":168,"column":76}},"65":{"start":{"line":169,"column":4},"end":{"line":169,"column":45}},"66":{"start":{"line":172,"column":18},"end":{"line":172,"column":53}},"67":{"start":{"line":173,"column":2},"end":{"line":173,"column":33}},"68":{"start":{"line":181,"column":2},"end":{"line":185,"column":3}},"69":{"start":{"line":183,"column":20},"end":{"line":183,"column":43}},"70":{"start":{"line":184,"column":4},"end":{"line":184,"column":62}},"71":{"start":{"line":187,"column":22},"end":{"line":187,"column":49}},"72":{"start":{"line":190,"column":2},"end":{"line":192,"column":3}},"73":{"start":{"line":191,"column":4},"end":{"line":191,"column":39}},"74":{"start":{"line":195,"column":2},"end":{"line":195,"column":36}},"75":{"start":{"line":195,"column":29},"end":{"line":195,"column":34}},"76":{"start":{"line":197,"column":2},"end":{"line":199,"column":3}},"77":{"start":{"line":198,"column":4},"end":{"line":198,"column":50}},"78":{"start":{"line":202,"column":23},"end":{"line":202,"column":74}},"79":{"start":{"line":204,"column":22},"end":{"line":204,"column":23}},"80":{"start":{"line":205,"column":22},"end":{"line":205,"column":23}},"81":{"start":{"line":206,"column":19},"end":{"line":206,"column":20}},"82":{"start":{"line":209,"column":2},"end":{"line":219,"column":3}},"83":{"start":{"line":209,"column":15},"end":{"line":209,"column":37}},"84":{"start":{"line":210,"column":21},"end":{"line":210,"column":56}},"85":{"start":{"line":213,"column":22},"end":{"line":213,"column":40}},"86":{"start":{"line":214,"column":4},"end":{"line":218,"column":5}},"87":{"start":{"line":215,"column":6},"end":{"line":215,"column":19}},"88":{"start":{"line":217,"column":6},"end":{"line":217,"column":12}},"89":{"start":{"line":221,"column":2},"end":{"line":221,"column":29}},"90":{"start":{"line":222,"column":2},"end":{"line":222,"column":29}},"91":{"start":{"line":225,"column":2},"end":{"line":225,"column":17}},"92":{"start":{"line":226,"column":2},"end":{"line":236,"column":3}},"93":{"start":{"line":226,"column":15},"end":{"line":226,"column":16}},"94":{"start":{"line":227,"column":21},"end":{"line":227,"column":56}},"95":{"start":{"line":228,"column":22},"end":{"line":228,"column":40}},"96":{"start":{"line":230,"column":4},"end":{"line":235,"column":5}},"97":{"start":{"line":231,"column":6},"end":{"line":231,"column":19}},"98":{"start":{"line":232,"column":6},"end":{"line":232,"column":58}},"99":{"start":{"line":234,"column":6},"end":{"line":234,"column":21}},"100":{"start":{"line":239,"column":2},"end":{"line":248,"column":3}},"101":{"start":{"line":240,"column":27},"end":{"line":240,"column":62}},"102":{"start":{"line":241,"column":16},"end":{"line":241,"column":26}},"103":{"start":{"line":242,"column":36},"end":{"line":242,"column":56}},"104":{"start":{"line":245,"column":4},"end":{"line":247,"column":5}},"105":{"start":{"line":246,"column":6},"end":{"line":246,"column":24}},"106":{"start":{"line":250,"column":2},"end":{"line":250,"column":42}},"107":{"start":{"line":257,"column":2},"end":{"line":270,"column":3}},"108":{"start":{"line":259,"column":6},"end":{"line":259,"column":33}},"109":{"start":{"line":261,"column":6},"end":{"line":261,"column":37}},"110":{"start":{"line":263,"column":6},"end":{"line":263,"column":38}},"111":{"start":{"line":265,"column":6},"end":{"line":265,"column":39}},"112":{"start":{"line":267,"column":6},"end":{"line":267,"column":59}},"113":{"start":{"line":269,"column":6},"end":{"line":269,"column":33}},"114":{"start":{"line":277,"column":2},"end":{"line":279,"column":3}},"115":{"start":{"line":278,"column":4},"end":{"line":278,"column":16}},"116":{"start":{"line":281,"column":43},"end":{"line":281,"column":64}},"117":{"start":{"line":283,"column":2},"end":{"line":287,"column":4}}},"fnMap":{"0":{"name":"shouldResetGoal","decl":{"start":{"line":11,"column":16},"end":{"line":11,"column":31}},"loc":{"start":{"line":11,"column":42},"end":{"line":23,"column":1}}},"1":{"name":"getPeriodEndDate","decl":{"start":{"line":28,"column":16},"end":{"line":28,"column":32}},"loc":{"start":{"line":31,"column":27},"end":{"line":65,"column":1}}},"2":{"name":"resetGoal","decl":{"start":{"line":70,"column":16},"end":{"line":70,"column":25}},"loc":{"start":{"line":70,"column":36},"end":{"line":81,"column":1}}},"3":{"name":"recordCompletion","decl":{"start":{"line":86,"column":16},"end":{"line":86,"column":32}},"loc":{"start":{"line":86,"column":43},"end":{"line":98,"column":1}}},"4":{"name":"processRecurringGoals","decl":{"start":{"line":103,"column":16},"end":{"line":103,"column":37}},"loc":{"start":{"line":103,"column":51},"end":{"line":127,"column":1}}},"5":{"name":"(anonymous_5)","decl":{"start":{"line":104,"column":19},"end":{"line":104,"column":23}},"loc":{"start":{"line":104,"column":26},"end":{"line":126,"column":3}}},"6":{"name":"getCompletionCount","decl":{"start":{"line":132,"column":16},"end":{"line":132,"column":34}},"loc":{"start":{"line":132,"column":45},"end":{"line":139,"column":1}}},"7":{"name":"getTotalPointsEarned","decl":{"start":{"line":144,"column":16},"end":{"line":144,"column":36}},"loc":{"start":{"line":144,"column":47},"end":{"line":146,"column":1}}},"8":{"name":"getTimeRemaining","decl":{"start":{"line":151,"column":16},"end":{"line":151,"column":32}},"loc":{"start":{"line":151,"column":43},"end":{"line":174,"column":1}}},"9":{"name":"calculateStreak","decl":{"start":{"line":180,"column":16},"end":{"line":180,"column":31}},"loc":{"start":{"line":180,"column":42},"end":{"line":251,"column":1}}},"10":{"name":"(anonymous_10)","decl":{"start":{"line":195,"column":19},"end":{"line":195,"column":20}},"loc":{"start":{"line":195,"column":29},"end":{"line":195,"column":34}}},"11":{"name":"getPeriodLength","decl":{"start":{"line":256,"column":9},"end":{"line":256,"column":24}},"loc":{"start":{"line":256,"column":70},"end":{"line":271,"column":1}}},"12":{"name":"updateGoalStreaks","decl":{"start":{"line":276,"column":16},"end":{"line":276,"column":33}},"loc":{"start":{"line":276,"column":44},"end":{"line":288,"column":1}}}},"branchMap":{"0":{"loc":{"start":{"line":12,"column":2},"end":{"line":14,"column":3}},"type":"if","locations":[{"start":{"line":12,"column":2},"end":{"line":14,"column":3}},{"start":{},"end":{}}]},"1":{"loc":{"start":{"line":12,"column":6},"end":{"line":12,"column":48}},"type":"binary-expr","locations":[{"start":{"line":12,"column":6},"end":{"line":12,"column":23}},{"start":{"line":12,"column":27},"end":{"line":12,"column":48}}]},"2":{"loc":{"start":{"line":35,"column":2},"end":{"line":64,"column":3}},"type":"switch","locations":[{"start":{"line":36,"column":4},"end":{"line":40,"column":32}},{"start":{"line":42,"column":4},"end":{"line":44,"column":49}},{"start":{"line":46,"column":4},"end":{"line":50,"column":33}},{"start":{"line":52,"column":4},"end":{"line":56,"column":32}},{"start":{"line":58,"column":4},"end":{"line":60,"column":64}},{"start":{"line":62,"column":4},"end":{"line":63,"column":23}}]},"3":{"loc":{"start":{"line":59,"column":6},"end":{"line":59,"column":46}},"type":"if","locations":[{"start":{"line":59,"column":6},"end":{"line":59,"column":46}},{"start":{},"end":{}}]},"4":{"loc":{"start":{"line":79,"column":23},"end":{"line":79,"column":51}},"type":"binary-expr","locations":[{"start":{"line":79,"column":23},"end":{"line":79,"column":45}},{"start":{"line":79,"column":49},"end":{"line":79,"column":51}}]},"5":{"loc":{"start":{"line":88,"column":2},"end":{"line":90,"column":3}},"type":"if","locations":[{"start":{"line":88,"column":2},"end":{"line":90,"column":3}},{"start":{},"end":{}}]},"6":{"loc":{"start":{"line":88,"column":6},"end":{"line":88,"column":43}},"type":"binary-expr","locations":[{"start":{"line":88,"column":6},"end":{"line":88,"column":22}},{"start":{"line":88,"column":26},"end":{"line":88,"column":43}}]},"7":{"loc":{"start":{"line":92,"column":28},"end":{"line":92,"column":56}},"type":"binary-expr","locations":[{"start":{"line":92,"column":28},"end":{"line":92,"column":50}},{"start":{"line":92,"column":54},"end":{"line":92,"column":56}}]},"8":{"loc":{"start":{"line":106,"column":4},"end":{"line":108,"column":5}},"type":"if","locations":[{"start":{"line":106,"column":4},"end":{"line":108,"column":5}},{"start":{},"end":{}}]},"9":{"loc":{"start":{"line":111,"column":4},"end":{"line":116,"column":5}},"type":"if","locations":[{"start":{"line":111,"column":4},"end":{"line":116,"column":5}},{"start":{},"end":{}}]},"10":{"loc":{"start":{"line":119,"column":4},"end":{"line":123,"column":5}},"type":"if","locations":[{"start":{"line":119,"column":4},"end":{"line":123,"column":5}},{"start":{},"end":{}}]},"11":{"loc":{"start":{"line":133,"column":2},"end":{"line":133,"column":56}},"type":"if","locations":[{"start":{"line":133,"column":2},"end":{"line":133,"column":56}},{"start":{},"end":{}}]},"12":{"loc":{"start":{"line":133,"column":32},"end":{"line":133,"column":55}},"type":"cond-expr","locations":[{"start":{"line":133,"column":50},"end":{"line":133,"column":51}},{"start":{"line":133,"column":54},"end":{"line":133,"column":55}}]},"13":{"loc":{"start":{"line":135,"column":23},"end":{"line":135,"column":58}},"type":"binary-expr","locations":[{"start":{"line":135,"column":23},"end":{"line":135,"column":53}},{"start":{"line":135,"column":57},"end":{"line":135,"column":58}}]},"14":{"loc":{"start":{"line":136,"column":26},"end":{"line":136,"column":49}},"type":"cond-expr","locations":[{"start":{"line":136,"column":44},"end":{"line":136,"column":45}},{"start":{"line":136,"column":48},"end":{"line":136,"column":49}}]},"15":{"loc":{"start":{"line":152,"column":2},"end":{"line":152,"column":39}},"type":"if","locations":[{"start":{"line":152,"column":2},"end":{"line":152,"column":39}},{"start":{},"end":{}}]},"16":{"loc":{"start":{"line":158,"column":2},"end":{"line":158,"column":44}},"type":"if","locations":[{"start":{"line":158,"column":2},"end":{"line":158,"column":44}},{"start":{},"end":{}}]},"17":{"loc":{"start":{"line":163,"column":2},"end":{"line":165,"column":3}},"type":"if","locations":[{"start":{"line":163,"column":2},"end":{"line":165,"column":3}},{"start":{},"end":{}}]},"18":{"loc":{"start":{"line":167,"column":2},"end":{"line":170,"column":3}},"type":"if","locations":[{"start":{"line":167,"column":2},"end":{"line":170,"column":3}},{"start":{},"end":{}}]},"19":{"loc":{"start":{"line":181,"column":2},"end":{"line":185,"column":3}},"type":"if","locations":[{"start":{"line":181,"column":2},"end":{"line":185,"column":3}},{"start":{},"end":{}}]},"20":{"loc":{"start":{"line":181,"column":6},"end":{"line":181,"column":89}},"type":"binary-expr","locations":[{"start":{"line":181,"column":6},"end":{"line":181,"column":23}},{"start":{"line":181,"column":27},"end":{"line":181,"column":50}},{"start":{"line":181,"column":54},"end":{"line":181,"column":89}}]},"21":{"loc":{"start":{"line":183,"column":20},"end":{"line":183,"column":43}},"type":"cond-expr","locations":[{"start":{"line":183,"column":38},"end":{"line":183,"column":39}},{"start":{"line":183,"column":42},"end":{"line":183,"column":43}}]},"22":{"loc":{"start":{"line":190,"column":2},"end":{"line":192,"column":3}},"type":"if","locations":[{"start":{"line":190,"column":2},"end":{"line":192,"column":3}},{"start":{},"end":{}}]},"23":{"loc":{"start":{"line":190,"column":6},"end":{"line":190,"column":41}},"type":"binary-expr","locations":[{"start":{"line":190,"column":6},"end":{"line":190,"column":21}},{"start":{"line":190,"column":25},"end":{"line":190,"column":41}}]},"24":{"loc":{"start":{"line":197,"column":2},"end":{"line":199,"column":3}},"type":"if","locations":[{"start":{"line":197,"column":2},"end":{"line":199,"column":3}},{"start":{},"end":{}}]},"25":{"loc":{"start":{"line":214,"column":4},"end":{"line":218,"column":5}},"type":"if","locations":[{"start":{"line":214,"column":4},"end":{"line":218,"column":5}},{"start":{"line":216,"column":11},"end":{"line":218,"column":5}}]},"26":{"loc":{"start":{"line":214,"column":8},"end":{"line":214,"column":88}},"type":"binary-expr","locations":[{"start":{"line":214,"column":8},"end":{"line":214,"column":44}},{"start":{"line":214,"column":48},"end":{"line":214,"column":88}}]},"27":{"loc":{"start":{"line":230,"column":4},"end":{"line":235,"column":5}},"type":"if","locations":[{"start":{"line":230,"column":4},"end":{"line":235,"column":5}},{"start":{"line":233,"column":11},"end":{"line":235,"column":5}}]},"28":{"loc":{"start":{"line":230,"column":8},"end":{"line":230,"column":88}},"type":"binary-expr","locations":[{"start":{"line":230,"column":8},"end":{"line":230,"column":44}},{"start":{"line":230,"column":48},"end":{"line":230,"column":88}}]},"29":{"loc":{"start":{"line":239,"column":2},"end":{"line":248,"column":3}},"type":"if","locations":[{"start":{"line":239,"column":2},"end":{"line":248,"column":3}},{"start":{},"end":{}}]},"30":{"loc":{"start":{"line":245,"column":4},"end":{"line":247,"column":5}},"type":"if","locations":[{"start":{"line":245,"column":4},"end":{"line":247,"column":5}},{"start":{},"end":{}}]},"31":{"loc":{"start":{"line":245,"column":8},"end":{"line":245,"column":72}},"type":"binary-expr","locations":[{"start":{"line":245,"column":8},"end":{"line":245,"column":52}},{"start":{"line":245,"column":56},"end":{"line":245,"column":72}}]},"32":{"loc":{"start":{"line":257,"column":2},"end":{"line":270,"column":3}},"type":"switch","locations":[{"start":{"line":258,"column":4},"end":{"line":259,"column":33}},{"start":{"line":260,"column":4},"end":{"line":261,"column":37}},{"start":{"line":262,"column":4},"end":{"line":263,"column":38}},{"start":{"line":264,"column":4},"end":{"line":265,"column":39}},{"start":{"line":266,"column":4},"end":{"line":267,"column":59}},{"start":{"line":268,"column":4},"end":{"line":269,"column":33}}]},"33":{"loc":{"start":{"line":267,"column":14},"end":{"line":267,"column":35}},"type":"binary-expr","locations":[{"start":{"line":267,"column":14},"end":{"line":267,"column":30}},{"start":{"line":267,"column":34},"end":{"line":267,"column":35}}]},"34":{"loc":{"start":{"line":277,"column":2},"end":{"line":279,"column":3}},"type":"if","locations":[{"start":{"line":277,"column":2},"end":{"line":279,"column":3}},{"start":{},"end":{}}]},"35":{"loc":{"start":{"line":286,"column":43},"end":{"line":286,"column":66}},"type":"binary-expr","locations":[{"start":{"line":286,"column":43},"end":{"line":286,"column":61}},{"start":{"line":286,"column":65},"end":{"line":286,"column":66}}]}},"s":{"0":5,"1":5,"2":5,"3":5,"4":5,"5":5,"6":5,"7":5,"8":5,"9":5,"10":7,"11":2,"12":5,"13":5,"14":5,"15":5,"16":19,"17":19,"18":11,"19":11,"20":11,"21":2,"22":1,"23":1,"24":1,"25":1,"26":1,"27":1,"28":2,"29":1,"30":1,"31":2,"32":4,"33":5,"34":1,"35":4,"36":4,"37":5,"38":5,"39":1,"40":4,"41":1,"42":3,"43":2,"44":2,"45":1,"46":13,"47":2,"48":11,"49":11,"50":11,"51":9,"52":8,"53":1,"54":7,"55":7,"56":7,"57":7,"58":2,"59":5,"60":5,"61":5,"62":1,"63":4,"64":4,"65":4,"66":0,"67":0,"68":15,"69":7,"70":7,"71":8,"72":8,"73":7,"74":8,"75":18,"76":8,"77":0,"78":8,"79":8,"80":8,"81":8,"82":8,"83":8,"84":13,"85":13,"86":13,"87":11,"88":2,"89":8,"90":8,"91":8,"92":8,"93":8,"94":16,"95":16,"96":16,"97":14,"98":14,"99":2,"100":8,"101":8,"102":8,"103":8,"104":8,"105":1,"106":8,"107":8,"108":4,"109":1,"110":1,"111":1,"112":1,"113":0,"114":4,"115":1,"116":3,"117":3},"f":{"0":7,"1":19,"2":4,"3":5,"4":5,"5":5,"6":13,"7":9,"8":8,"9":15,"10":18,"11":8,"12":4},"b":{"0":[2,5],"1":[7,6],"2":[11,2,1,1,2,2],"3":[1,1],"4":[4,0],"5":[1,4],"6":[5,4],"7":[4,1],"8":[1,4],"9":[1,3],"10":[2,1],"11":[2,11],"12":[1,1],"13":[11,2],"14":[9,2],"15":[1,7],"16":[2,5],"17":[1,4],"18":[4,0],"19":[7,8],"20":[15,14,13],"21":[3,4],"22":[7,1],"23":[8,7],"24":[0,8],"25":[11,2],"26":[13,12],"27":[14,2],"28":[16,15],"29":[8,0],"30":[1,7],"31":[8,1],"32":[4,1,1,1,1,0],"33":[1,0],"34":[1,3],"35":[3,2]}}
,"C:\\Users\\USER\\My Apps\\pathly\\src\\utils\\review-statistics.ts": {"path":"C:\\Users\\USER\\My Apps\\pathly\\src\\utils\\review-statistics.ts","statementMap":{"0":{"start":{"line":25,"column":0},"end":{"line":25,"column":16}},"1":{"start":{"line":46,"column":0},"end":{"line":46,"column":16}},"2":{"start":{"line":64,"column":0},"end":{"line":64,"column":16}},"3":{"start":{"line":79,"column":0},"end":{"line":79,"column":16}},"4":{"start":{"line":94,"column":0},"end":{"line":94,"column":16}},"5":{"start":{"line":128,"column":0},"end":{"line":128,"column":16}},"6":{"start":{"line":26,"column":14},"end":{"line":26,"column":24}},"7":{"start":{"line":27,"column":20},"end":{"line":27,"column":32}},"8":{"start":{"line":28,"column":20},"end":{"line":28,"column":33}},"9":{"start":{"line":29,"column":2},"end":{"line":29,"column":47}},"10":{"start":{"line":30,"column":2},"end":{"line":30,"column":33}},"11":{"start":{"line":32,"column":18},"end":{"line":32,"column":37}},"12":{"start":{"line":33,"column":2},"end":{"line":33,"column":43}},"13":{"start":{"line":34,"column":2},"end":{"line":34,"column":36}},"14":{"start":{"line":36,"column":2},"end":{"line":40,"column":4}},"15":{"start":{"line":47,"column":19},"end":{"line":47,"column":32}},"16":{"start":{"line":48,"column":20},"end":{"line":48,"column":48}},"17":{"start":{"line":49,"column":2},"end":{"line":49,"column":45}},"18":{"start":{"line":51,"column":18},"end":{"line":51,"column":46}},"19":{"start":{"line":52,"column":2},"end":{"line":52,"column":30}},"20":{"start":{"line":54,"column":2},"end":{"line":58,"column":4}},"21":{"start":{"line":65,"column":14},"end":{"line":65,"column":24}},"22":{"start":{"line":66,"column":20},"end":{"line":66,"column":78}},"23":{"start":{"line":67,"column":18},"end":{"line":67,"column":85}},"24":{"start":{"line":69,"column":2},"end":{"line":73,"column":4}},"25":{"start":{"line":80,"column":14},"end":{"line":80,"column":24}},"26":{"start":{"line":81,"column":20},"end":{"line":81,"column":82}},"27":{"start":{"line":82,"column":18},"end":{"line":82,"column":81}},"28":{"start":{"line":84,"column":2},"end":{"line":88,"column":4}},"29":{"start":{"line":99,"column":28},"end":{"line":102,"column":4}},"30":{"start":{"line":100,"column":4},"end":{"line":100,"column":40}},"31":{"start":{"line":100,"column":27},"end":{"line":100,"column":40}},"32":{"start":{"line":101,"column":4},"end":{"line":101,"column":86}},"33":{"start":{"line":105,"column":25},"end":{"line":107,"column":4}},"34":{"start":{"line":106,"column":4},"end":{"line":106,"column":64}},"35":{"start":{"line":110,"column":23},"end":{"line":110,"column":91}},"36":{"start":{"line":110,"column":63},"end":{"line":110,"column":87}},"37":{"start":{"line":113,"column":21},"end":{"line":113,"column":42}},"38":{"start":{"line":114,"column":25},"end":{"line":114,"column":91}},"39":{"start":{"line":116,"column":2},"end":{"line":122,"column":4}},"40":{"start":{"line":129,"column":2},"end":{"line":137,"column":3}},"41":{"start":{"line":130,"column":4},"end":{"line":130,"column":27}},"42":{"start":{"line":131,"column":9},"end":{"line":137,"column":3}},"43":{"start":{"line":132,"column":4},"end":{"line":132,"column":26}},"44":{"start":{"line":133,"column":9},"end":{"line":137,"column":3}},"45":{"start":{"line":134,"column":4},"end":{"line":134,"column":23}},"46":{"start":{"line":136,"column":4},"end":{"line":136,"column":26}}},"fnMap":{"0":{"name":"getThisWeek","decl":{"start":{"line":25,"column":16},"end":{"line":25,"column":27}},"loc":{"start":{"line":25,"column":27},"end":{"line":41,"column":1}}},"1":{"name":"getLastWeek","decl":{"start":{"line":46,"column":16},"end":{"line":46,"column":27}},"loc":{"start":{"line":46,"column":27},"end":{"line":59,"column":1}}},"2":{"name":"getThisMonth","decl":{"start":{"line":64,"column":16},"end":{"line":64,"column":28}},"loc":{"start":{"line":64,"column":28},"end":{"line":74,"column":1}}},"3":{"name":"getLastMonth","decl":{"start":{"line":79,"column":16},"end":{"line":79,"column":28}},"loc":{"start":{"line":79,"column":28},"end":{"line":89,"column":1}}},"4":{"name":"calculateReviewStatistics","decl":{"start":{"line":94,"column":16},"end":{"line":94,"column":41}},"loc":{"start":{"line":96,"column":22},"end":{"line":123,"column":1}}},"5":{"name":"(anonymous_5)","decl":{"start":{"line":99,"column":41},"end":{"line":99,"column":42}},"loc":{"start":{"line":99,"column":50},"end":{"line":102,"column":3}}},"6":{"name":"(anonymous_6)","decl":{"start":{"line":105,"column":38},"end":{"line":105,"column":39}},"loc":{"start":{"line":105,"column":47},"end":{"line":107,"column":3}}},"7":{"name":"(anonymous_7)","decl":{"start":{"line":110,"column":48},"end":{"line":110,"column":49}},"loc":{"start":{"line":110,"column":63},"end":{"line":110,"column":87}}},"8":{"name":"getMotivationalMessage","decl":{"start":{"line":128,"column":16},"end":{"line":128,"column":38}},"loc":{"start":{"line":128,"column":61},"end":{"line":138,"column":1}}}},"branchMap":{"0":{"loc":{"start":{"line":100,"column":4},"end":{"line":100,"column":40}},"type":"if","locations":[{"start":{"line":100,"column":4},"end":{"line":100,"column":40}},{"start":{},"end":{}}]},"1":{"loc":{"start":{"line":101,"column":11},"end":{"line":101,"column":85}},"type":"binary-expr","locations":[{"start":{"line":101,"column":11},"end":{"line":101,"column":47}},{"start":{"line":101,"column":51},"end":{"line":101,"column":85}}]},"2":{"loc":{"start":{"line":106,"column":11},"end":{"line":106,"column":63}},"type":"binary-expr","locations":[{"start":{"line":106,"column":11},"end":{"line":106,"column":43}},{"start":{"line":106,"column":47},"end":{"line":106,"column":63}}]},"3":{"loc":{"start":{"line":110,"column":70},"end":{"line":110,"column":86}},"type":"binary-expr","locations":[{"start":{"line":110,"column":70},"end":{"line":110,"column":81}},{"start":{"line":110,"column":85},"end":{"line":110,"column":86}}]},"4":{"loc":{"start":{"line":114,"column":25},"end":{"line":114,"column":91}},"type":"cond-expr","locations":[{"start":{"line":114,"column":42},"end":{"line":114,"column":87}},{"start":{"line":114,"column":90},"end":{"line":114,"column":91}}]},"5":{"loc":{"start":{"line":129,"column":2},"end":{"line":137,"column":3}},"type":"if","locations":[{"start":{"line":129,"column":2},"end":{"line":137,"column":3}},{"start":{"line":131,"column":9},"end":{"line":137,"column":3}}]},"6":{"loc":{"start":{"line":131,"column":9},"end":{"line":137,"column":3}},"type":"if","locations":[{"start":{"line":131,"column":9},"end":{"line":137,"column":3}},{"start":{"line":133,"column":9},"end":{"line":137,"column":3}}]},"7":{"loc":{"start":{"line":133,"column":9},"end":{"line":137,"column":3}},"type":"if","locations":[{"start":{"line":133,"column":9},"end":{"line":137,"column":3}},{"start":{"line":135,"column":9},"end":{"line":137,"column":3}}]}},"s":{"0":1,"1":1,"2":1,"3":1,"4":1,"5":1,"6":6,"7":6,"8":6,"9":6,"10":6,"11":6,"12":6,"13":6,"14":6,"15":2,"16":2,"17":2,"18":2,"19":2,"20":2,"21":3,"22":3,"23":3,"24":3,"25":1,"26":1,"27":1,"28":1,"29":7,"30":15,"31":7,"32":8,"33":7,"34":15,"35":7,"36":7,"37":7,"38":7,"39":7,"40":8,"41":1,"42":7,"43":3,"44":4,"45":3,"46":1},"f":{"0":6,"1":2,"2":3,"3":1,"4":7,"5":15,"6":15,"7":7,"8":8},"b":{"0":[7,8],"1":[8,8],"2":[15,14],"3":[7,1],"4":[6,1],"5":[1,7],"6":[3,4],"7":[3,1]}}
,"C:\\Users\\USER\\My Apps\\pathly\\src\\utils\\statistics.ts": {"path":"C:\\Users\\USER\\My Apps\\pathly\\src\\utils\\statistics.ts","statementMap":{"0":{"start":{"line":6,"column":0},"end":{"line":6,"column":75}},"1":{"start":{"line":8,"column":0},"end":{"line":8,"column":57}},"2":{"start":{"line":14,"column":35},"end":{"line":110,"column":1}},"3":{"start":{"line":15,"column":21},"end":{"line":15,"column":73}},"4":{"start":{"line":15,"column":39},"end":{"line":15,"column":65}},"5":{"start":{"line":16,"column":25},"end":{"line":16,"column":93}},"6":{"start":{"line":16,"column":43},"end":{"line":16,"column":85}},"7":{"start":{"line":20,"column":22},"end":{"line":30,"column":7}},"8":{"start":{"line":21,"column":4},"end":{"line":21,"column":34}},"9":{"start":{"line":21,"column":23},"end":{"line":21,"column":34}},"10":{"start":{"line":23,"column":4},"end":{"line":29,"column":5}},"11":{"start":{"line":25,"column":6},"end":{"line":25,"column":46}},"12":{"start":{"line":28,"column":6},"end":{"line":28,"column":55}},"13":{"start":{"line":33,"column":22},"end":{"line":35,"column":56}},"14":{"start":{"line":34,"column":22},"end":{"line":34,"column":39}},"15":{"start":{"line":35,"column":29},"end":{"line":35,"column":52}},"16":{"start":{"line":38,"column":16},"end":{"line":38,"column":26}},"17":{"start":{"line":39,"column":2},"end":{"line":39,"column":29}},"18":{"start":{"line":40,"column":25},"end":{"line":40,"column":40}},"19":{"start":{"line":42,"column":22},"end":{"line":42,"column":23}},"20":{"start":{"line":43,"column":22},"end":{"line":43,"column":23}},"21":{"start":{"line":44,"column":18},"end":{"line":44,"column":42}},"22":{"start":{"line":45,"column":25},"end":{"line":45,"column":26}},"23":{"start":{"line":48,"column":31},"end":{"line":50,"column":64}},"24":{"start":{"line":49,"column":17},"end":{"line":49,"column":30}},"25":{"start":{"line":50,"column":20},"end":{"line":50,"column":63}},"26":{"start":{"line":52,"column":2},"end":{"line":76,"column":3}},"27":{"start":{"line":53,"column":4},"end":{"line":53,"column":64}},"28":{"start":{"line":56,"column":4},"end":{"line":75,"column":5}},"29":{"start":{"line":56,"column":17},"end":{"line":56,"column":18}},"30":{"start":{"line":57,"column":23},"end":{"line":57,"column":42}},"31":{"start":{"line":58,"column":21},"end":{"line":58,"column":51}},"32":{"start":{"line":60,"column":33},"end":{"line":61,"column":null}},"33":{"start":{"line":61,"column":13},"end":{"line":61,"column":81}},"34":{"start":{"line":64,"column":6},"end":{"line":72,"column":7}},"35":{"start":{"line":65,"column":8},"end":{"line":65,"column":24}},"36":{"start":{"line":66,"column":8},"end":{"line":68,"column":9}},"37":{"start":{"line":67,"column":10},"end":{"line":67,"column":40}},"38":{"start":{"line":69,"column":13},"end":{"line":72,"column":7}},"39":{"start":{"line":71,"column":8},"end":{"line":71,"column":14}},"40":{"start":{"line":74,"column":6},"end":{"line":74,"column":49}},"41":{"start":{"line":78,"column":25},"end":{"line":78,"column":81}},"42":{"start":{"line":81,"column":24},"end":{"line":81,"column":77}},"43":{"start":{"line":81,"column":42},"end":{"line":81,"column":69}},"44":{"start":{"line":84,"column":22},"end":{"line":84,"column":60}},"45":{"start":{"line":86,"column":31},"end":{"line":96,"column":19}},"46":{"start":{"line":88,"column":6},"end":{"line":94,"column":8}},"47":{"start":{"line":96,"column":14},"end":{"line":96,"column":18}},"48":{"start":{"line":98,"column":2},"end":{"line":109,"column":4}},"49":{"start":{"line":14,"column":13},"end":{"line":14,"column":35}},"50":{"start":{"line":115,"column":44},"end":{"line":122,"column":1}},"51":{"start":{"line":119,"column":2},"end":{"line":121,"column":4}},"52":{"start":{"line":120,"column":10},"end":{"line":120,"column":53}},"53":{"start":{"line":115,"column":13},"end":{"line":115,"column":44}},"54":{"start":{"line":127,"column":28},"end":{"line":131,"column":1}},"55":{"start":{"line":128,"column":2},"end":{"line":128,"column":37}},"56":{"start":{"line":128,"column":18},"end":{"line":128,"column":37}},"57":{"start":{"line":129,"column":2},"end":{"line":129,"column":40}},"58":{"start":{"line":129,"column":18},"end":{"line":129,"column":40}},"59":{"start":{"line":130,"column":2},"end":{"line":130,"column":31}},"60":{"start":{"line":127,"column":13},"end":{"line":127,"column":28}},"61":{"start":{"line":136,"column":25},"end":{"line":160,"column":1}},"62":{"start":{"line":137,"column":2},"end":{"line":137,"column":54}},"63":{"start":{"line":137,"column":41},"end":{"line":137,"column":54}},"64":{"start":{"line":139,"column":16},"end":{"line":139,"column":26}},"65":{"start":{"line":140,"column":2},"end":{"line":140,"column":29}},"66":{"start":{"line":141,"column":20},"end":{"line":141,"column":35}},"67":{"start":{"line":144,"column":2},"end":{"line":157,"column":3}},"68":{"start":{"line":144,"column":15},"end":{"line":144,"column":16}},"69":{"start":{"line":145,"column":21},"end":{"line":145,"column":40}},"70":{"start":{"line":146,"column":19},"end":{"line":146,"column":49}},"71":{"start":{"line":148,"column":31},"end":{"line":149,"column":null}},"72":{"start":{"line":149,"column":11},"end":{"line":149,"column":79}},"73":{"start":{"line":152,"column":4},"end":{"line":154,"column":5}},"74":{"start":{"line":153,"column":6},"end":{"line":153,"column":19}},"75":{"start":{"line":156,"column":4},"end":{"line":156,"column":47}},"76":{"start":{"line":159,"column":2},"end":{"line":159,"column":14}},"77":{"start":{"line":165,"column":38},"end":{"line":191,"column":1}},"78":{"start":{"line":169,"column":22},"end":{"line":169,"column":68}},"79":{"start":{"line":169,"column":45},"end":{"line":169,"column":67}},"80":{"start":{"line":170,"column":2},"end":{"line":170,"column":29}},"81":{"start":{"line":170,"column":20},"end":{"line":170,"column":29}},"82":{"start":{"line":172,"column":57},"end":{"line":172,"column":62}},"83":{"start":{"line":173,"column":26},"end":{"line":173,"column":49}},"84":{"start":{"line":175,"column":16},"end":{"line":175,"column":17}},"85":{"start":{"line":176,"column":2},"end":{"line":188,"column":3}},"86":{"start":{"line":178,"column":6},"end":{"line":178,"column":31}},"87":{"start":{"line":179,"column":6},"end":{"line":179,"column":12}},"88":{"start":{"line":181,"column":6},"end":{"line":181,"column":28}},"89":{"start":{"line":182,"column":6},"end":{"line":182,"column":12}},"90":{"start":{"line":184,"column":6},"end":{"line":184,"column":30}},"91":{"start":{"line":185,"column":6},"end":{"line":185,"column":12}},"92":{"start":{"line":187,"column":6},"end":{"line":187,"column":18}},"93":{"start":{"line":190,"column":2},"end":{"line":190,"column":48}},"94":{"start":{"line":165,"column":13},"end":{"line":165,"column":38}}},"fnMap":{"0":{"name":"(anonymous_0)","decl":{"start":{"line":14,"column":35},"end":{"line":14,"column":36}},"loc":{"start":{"line":14,"column":123},"end":{"line":110,"column":1}}},"1":{"name":"(anonymous_1)","decl":{"start":{"line":15,"column":34},"end":{"line":15,"column":35}},"loc":{"start":{"line":15,"column":39},"end":{"line":15,"column":65}}},"2":{"name":"(anonymous_2)","decl":{"start":{"line":16,"column":38},"end":{"line":16,"column":39}},"loc":{"start":{"line":16,"column":43},"end":{"line":16,"column":85}}},"3":{"name":"(anonymous_3)","decl":{"start":{"line":20,"column":35},"end":{"line":20,"column":36}},"loc":{"start":{"line":20,"column":49},"end":{"line":30,"column":3}}},"4":{"name":"(anonymous_4)","decl":{"start":{"line":34,"column":12},"end":{"line":34,"column":18}},"loc":{"start":{"line":34,"column":22},"end":{"line":34,"column":39}}},"5":{"name":"(anonymous_5)","decl":{"start":{"line":35,"column":12},"end":{"line":35,"column":13}},"loc":{"start":{"line":35,"column":29},"end":{"line":35,"column":52}}},"6":{"name":"(anonymous_6)","decl":{"start":{"line":49,"column":12},"end":{"line":49,"column":13}},"loc":{"start":{"line":49,"column":17},"end":{"line":49,"column":30}}},"7":{"name":"(anonymous_7)","decl":{"start":{"line":50,"column":10},"end":{"line":50,"column":11}},"loc":{"start":{"line":50,"column":20},"end":{"line":50,"column":63}}},"8":{"name":"(anonymous_8)","decl":{"start":{"line":61,"column":8},"end":{"line":61,"column":9}},"loc":{"start":{"line":61,"column":13},"end":{"line":61,"column":81}}},"9":{"name":"(anonymous_9)","decl":{"start":{"line":81,"column":37},"end":{"line":81,"column":38}},"loc":{"start":{"line":81,"column":42},"end":{"line":81,"column":69}}},"10":{"name":"(anonymous_10)","decl":{"start":{"line":87,"column":12},"end":{"line":87,"column":23}},"loc":{"start":{"line":88,"column":6},"end":{"line":94,"column":8}}},"11":{"name":"(anonymous_11)","decl":{"start":{"line":96,"column":9},"end":{"line":96,"column":10}},"loc":{"start":{"line":96,"column":14},"end":{"line":96,"column":18}}},"12":{"name":"(anonymous_12)","decl":{"start":{"line":115,"column":44},"end":{"line":115,"column":null}},"loc":{"start":{"line":118,"column":14},"end":{"line":122,"column":1}}},"13":{"name":"(anonymous_13)","decl":{"start":{"line":120,"column":4},"end":{"line":120,"column":6}},"loc":{"start":{"line":120,"column":10},"end":{"line":120,"column":53}}},"14":{"name":"(anonymous_14)","decl":{"start":{"line":127,"column":28},"end":{"line":127,"column":29}},"loc":{"start":{"line":127,"column":53},"end":{"line":131,"column":1}}},"15":{"name":"(anonymous_15)","decl":{"start":{"line":136,"column":25},"end":{"line":136,"column":26}},"loc":{"start":{"line":136,"column":67},"end":{"line":160,"column":1}}},"16":{"name":"(anonymous_16)","decl":{"start":{"line":149,"column":6},"end":{"line":149,"column":7}},"loc":{"start":{"line":149,"column":11},"end":{"line":149,"column":79}}},"17":{"name":"(anonymous_17)","decl":{"start":{"line":165,"column":38},"end":{"line":165,"column":null}},"loc":{"start":{"line":168,"column":12},"end":{"line":191,"column":1}}},"18":{"name":"(anonymous_18)","decl":{"start":{"line":169,"column":40},"end":{"line":169,"column":41}},"loc":{"start":{"line":169,"column":45},"end":{"line":169,"column":67}}}},"branchMap":{"0":{"loc":{"start":{"line":14,"column":51},"end":{"line":14,"column":73}},"type":"default-arg","locations":[{"start":{"line":14,"column":71},"end":{"line":14,"column":73}}]},"1":{"loc":{"start":{"line":14,"column":75},"end":{"line":14,"column":107}},"type":"default-arg","locations":[{"start":{"line":14,"column":106},"end":{"line":14,"column":107}}]},"2":{"loc":{"start":{"line":15,"column":39},"end":{"line":15,"column":65}},"type":"binary-expr","locations":[{"start":{"line":15,"column":39},"end":{"line":15,"column":50}},{"start":{"line":15,"column":54},"end":{"line":15,"column":65}}]},"3":{"loc":{"start":{"line":16,"column":43},"end":{"line":16,"column":85}},"type":"binary-expr","locations":[{"start":{"line":16,"column":43},"end":{"line":16,"column":55}},{"start":{"line":16,"column":59},"end":{"line":16,"column":70}},{"start":{"line":16,"column":74},"end":{"line":16,"column":85}}]},"4":{"loc":{"start":{"line":21,"column":4},"end":{"line":21,"column":34}},"type":"if","locations":[{"start":{"line":21,"column":4},"end":{"line":21,"column":34}},{"start":{},"end":{}}]},"5":{"loc":{"start":{"line":23,"column":4},"end":{"line":29,"column":5}},"type":"if","locations":[{"start":{"line":23,"column":4},"end":{"line":29,"column":5}},{"start":{"line":26,"column":11},"end":{"line":29,"column":5}}]},"6":{"loc":{"start":{"line":28,"column":20},"end":{"line":28,"column":53}},"type":"cond-expr","locations":[{"start":{"line":28,"column":38},"end":{"line":28,"column":49}},{"start":{"line":28,"column":52},"end":{"line":28,"column":53}}]},"7":{"loc":{"start":{"line":50,"column":21},"end":{"line":50,"column":39}},"type":"binary-expr","locations":[{"start":{"line":50,"column":21},"end":{"line":50,"column":34}},{"start":{"line":50,"column":38},"end":{"line":50,"column":39}}]},"8":{"loc":{"start":{"line":50,"column":44},"end":{"line":50,"column":62}},"type":"binary-expr","locations":[{"start":{"line":50,"column":44},"end":{"line":50,"column":57}},{"start":{"line":50,"column":61},"end":{"line":50,"column":62}}]},"9":{"loc":{"start":{"line":52,"column":2},"end":{"line":76,"column":3}},"type":"if","locations":[{"start":{"line":52,"column":2},"end":{"line":76,"column":3}},{"start":{},"end":{}}]},"10":{"loc":{"start":{"line":53,"column":23},"end":{"line":53,"column":63}},"type":"binary-expr","locations":[{"start":{"line":53,"column":23},"end":{"line":53,"column":58}},{"start":{"line":53,"column":62},"end":{"line":53,"column":63}}]},"11":{"loc":{"start":{"line":61,"column":13},"end":{"line":61,"column":81}},"type":"binary-expr","locations":[{"start":{"line":61,"column":13},"end":{"line":61,"column":26}},{"start":{"line":61,"column":30},"end":{"line":61,"column":55}},{"start":{"line":61,"column":59},"end":{"line":61,"column":81}}]},"12":{"loc":{"start":{"line":64,"column":6},"end":{"line":72,"column":7}},"type":"if","locations":[{"start":{"line":64,"column":6},"end":{"line":72,"column":7}},{"start":{"line":69,"column":13},"end":{"line":72,"column":7}}]},"13":{"loc":{"start":{"line":66,"column":8},"end":{"line":68,"column":9}},"type":"if","locations":[{"start":{"line":66,"column":8},"end":{"line":68,"column":9}},{"start":{},"end":{}}]},"14":{"loc":{"start":{"line":69,"column":13},"end":{"line":72,"column":7}},"type":"if","locations":[{"start":{"line":69,"column":13},"end":{"line":72,"column":7}},{"start":{},"end":{}}]},"15":{"loc":{"start":{"line":78,"column":25},"end":{"line":78,"column":81}},"type":"cond-expr","locations":[{"start":{"line":78,"column":42},"end":{"line":78,"column":77}},{"start":{"line":78,"column":80},"end":{"line":78,"column":81}}]},"16":{"loc":{"start":{"line":81,"column":42},"end":{"line":81,"column":69}},"type":"binary-expr","locations":[{"start":{"line":81,"column":42},"end":{"line":81,"column":54}},{"start":{"line":81,"column":58},"end":{"line":81,"column":69}}]},"17":{"loc":{"start":{"line":128,"column":2},"end":{"line":128,"column":37}},"type":"if","locations":[{"start":{"line":128,"column":2},"end":{"line":128,"column":37}},{"start":{},"end":{}}]},"18":{"loc":{"start":{"line":129,"column":2},"end":{"line":129,"column":40}},"type":"if","locations":[{"start":{"line":129,"column":2},"end":{"line":129,"column":40}},{"start":{},"end":{}}]},"19":{"loc":{"start":{"line":137,"column":2},"end":{"line":137,"column":54}},"type":"if","locations":[{"start":{"line":137,"column":2},"end":{"line":137,"column":54}},{"start":{},"end":{}}]},"20":{"loc":{"start":{"line":149,"column":11},"end":{"line":149,"column":79}},"type":"binary-expr","locations":[{"start":{"line":149,"column":11},"end":{"line":149,"column":24}},{"start":{"line":149,"column":28},"end":{"line":149,"column":53}},{"start":{"line":149,"column":57},"end":{"line":149,"column":79}}]},"21":{"loc":{"start":{"line":152,"column":4},"end":{"line":154,"column":5}},"type":"if","locations":[{"start":{"line":152,"column":4},"end":{"line":154,"column":5}},{"start":{},"end":{}}]},"22":{"loc":{"start":{"line":170,"column":2},"end":{"line":170,"column":29}},"type":"if","locations":[{"start":{"line":170,"column":2},"end":{"line":170,"column":29}},{"start":{},"end":{}}]},"23":{"loc":{"start":{"line":176,"column":2},"end":{"line":188,"column":3}},"type":"switch","locations":[{"start":{"line":177,"column":4},"end":{"line":179,"column":12}},{"start":{"line":180,"column":4},"end":{"line":182,"column":12}},{"start":{"line":183,"column":4},"end":{"line":185,"column":12}},{"start":{"line":186,"column":4},"end":{"line":187,"column":18}}]}},"s":{"0":4,"1":4,"2":4,"3":50,"4":156,"5":50,"6":156,"7":50,"8":156,"9":8,"10":148,"11":6,"12":142,"13":50,"14":11,"15":9,"16":50,"17":50,"18":50,"19":50,"20":50,"21":50,"22":50,"23":50,"24":156,"25":92,"26":50,"27":25,"28":25,"29":25,"30":85,"31":85,"32":85,"33":301,"34":85,"35":60,"36":60,"37":60,"38":25,"39":25,"40":60,"41":50,"42":50,"43":156,"44":50,"45":50,"46":500,"47":47,"48":50,"49":4,"50":4,"51":5,"52":13,"53":4,"54":4,"55":4,"56":1,"57":3,"58":1,"59":2,"60":4,"61":4,"62":50,"63":25,"64":25,"65":25,"66":25,"67":25,"68":25,"69":80,"70":80,"71":80,"72":257,"73":80,"74":23,"75":57,"76":2,"77":4,"78":17,"79":75,"80":17,"81":2,"82":15,"83":15,"84":15,"85":15,"86":7,"87":7,"88":4,"89":4,"90":2,"91":2,"92":2,"93":15,"94":4},"f":{"0":50,"1":156,"2":156,"3":156,"4":11,"5":9,"6":156,"7":92,"8":301,"9":156,"10":500,"11":47,"12":5,"13":13,"14":4,"15":50,"16":257,"17":17,"18":75},"b":{"0":[2],"1":[3],"2":[156,148],"3":[156,117,112],"4":[8,148],"5":[6,142],"6":[106,36],"7":[92,0],"8":[92,0],"9":[25,25],"10":[25,0],"11":[301,301,298],"12":[60,25],"13":[60,0],"14":[25,0],"15":[40,10],"16":[156,5],"17":[1,3],"18":[1,2],"19":[25,25],"20":[257,257,254],"21":[23,57],"22":[2,15],"23":[7,4,2,2]}}
,"C:\\Users\\USER\\My Apps\\pathly\\src\\utils\\validation.ts": {"path":"C:\\Users\\USER\\My Apps\\pathly\\src\\utils\\validation.ts","statementMap":{"0":{"start":{"line":5,"column":0},"end":{"line":5,"column":59}},"1":{"start":{"line":18,"column":32},"end":{"line":68,"column":1}},"2":{"start":{"line":21,"column":41},"end":{"line":21,"column":43}},"3":{"start":{"line":24,"column":2},"end":{"line":28,"column":3}},"4":{"start":{"line":25,"column":4},"end":{"line":25,"column":39}},"5":{"start":{"line":26,"column":9},"end":{"line":28,"column":3}},"6":{"start":{"line":27,"column":4},"end":{"line":27,"column":98}},"7":{"start":{"line":31,"column":2},"end":{"line":37,"column":3}},"8":{"start":{"line":32,"column":4},"end":{"line":32,"column":41}},"9":{"start":{"line":33,"column":9},"end":{"line":37,"column":3}},"10":{"start":{"line":34,"column":4},"end":{"line":34,"column":82}},"11":{"start":{"line":35,"column":9},"end":{"line":37,"column":3}},"12":{"start":{"line":36,"column":4},"end":{"line":36,"column":83}},"13":{"start":{"line":40,"column":2},"end":{"line":46,"column":3}},"14":{"start":{"line":41,"column":4},"end":{"line":41,"column":49}},"15":{"start":{"line":42,"column":9},"end":{"line":46,"column":3}},"16":{"start":{"line":43,"column":4},"end":{"line":43,"column":91}},"17":{"start":{"line":44,"column":9},"end":{"line":46,"column":3}},"18":{"start":{"line":45,"column":4},"end":{"line":45,"column":92}},"19":{"start":{"line":49,"column":2},"end":{"line":53,"column":3}},"20":{"start":{"line":50,"column":4},"end":{"line":50,"column":37}},"21":{"start":{"line":51,"column":9},"end":{"line":53,"column":3}},"22":{"start":{"line":52,"column":4},"end":{"line":52,"column":95}},"23":{"start":{"line":56,"column":2},"end":{"line":62,"column":3}},"24":{"start":{"line":57,"column":4},"end":{"line":61,"column":5}},"25":{"start":{"line":58,"column":6},"end":{"line":58,"column":84}},"26":{"start":{"line":59,"column":11},"end":{"line":61,"column":5}},"27":{"start":{"line":60,"column":6},"end":{"line":60,"column":85}},"28":{"start":{"line":64,"column":2},"end":{"line":67,"column":4}},"29":{"start":{"line":18,"column":13},"end":{"line":18,"column":32}},"30":{"start":{"line":75,"column":29},"end":{"line":86,"column":1}},"31":{"start":{"line":77,"column":18},"end":{"line":77,"column":30}},"32":{"start":{"line":78,"column":2},"end":{"line":78,"column":35}},"33":{"start":{"line":78,"column":22},"end":{"line":78,"column":35}},"34":{"start":{"line":80,"column":14},"end":{"line":80,"column":33}},"35":{"start":{"line":81,"column":2},"end":{"line":81,"column":49}},"36":{"start":{"line":81,"column":36},"end":{"line":81,"column":49}},"37":{"start":{"line":85,"column":2},"end":{"line":85,"column":63}},"38":{"start":{"line":75,"column":13},"end":{"line":75,"column":29}}},"fnMap":{"0":{"name":"(anonymous_0)","decl":{"start":{"line":18,"column":32},"end":{"line":18,"column":null}},"loc":{"start":{"line":20,"column":22},"end":{"line":68,"column":1}}},"1":{"name":"(anonymous_1)","decl":{"start":{"line":75,"column":29},"end":{"line":75,"column":30}},"loc":{"start":{"line":75,"column":56},"end":{"line":86,"column":1}}}},"branchMap":{"0":{"loc":{"start":{"line":24,"column":2},"end":{"line":28,"column":3}},"type":"if","locations":[{"start":{"line":24,"column":2},"end":{"line":28,"column":3}},{"start":{"line":26,"column":9},"end":{"line":28,"column":3}}]},"1":{"loc":{"start":{"line":24,"column":6},"end":{"line":24,"column":86}},"type":"binary-expr","locations":[{"start":{"line":24,"column":6},"end":{"line":24,"column":17}},{"start":{"line":24,"column":21},"end":{"line":24,"column":86}}]},"2":{"loc":{"start":{"line":26,"column":9},"end":{"line":28,"column":3}},"type":"if","locations":[{"start":{"line":26,"column":9},"end":{"line":28,"column":3}},{"start":{},"end":{}}]},"3":{"loc":{"start":{"line":31,"column":2},"end":{"line":37,"column":3}},"type":"if","locations":[{"start":{"line":31,"column":2},"end":{"line":37,"column":3}},{"start":{"line":33,"column":9},"end":{"line":37,"column":3}}]},"4":{"loc":{"start":{"line":31,"column":6},"end":{"line":31,"column":55}},"type":"binary-expr","locations":[{"start":{"line":31,"column":6},"end":{"line":31,"column":31}},{"start":{"line":31,"column":35},"end":{"line":31,"column":55}}]},"5":{"loc":{"start":{"line":33,"column":9},"end":{"line":37,"column":3}},"type":"if","locations":[{"start":{"line":33,"column":9},"end":{"line":37,"column":3}},{"start":{"line":35,"column":9},"end":{"line":37,"column":3}}]},"6":{"loc":{"start":{"line":35,"column":9},"end":{"line":37,"column":3}},"type":"if","locations":[{"start":{"line":35,"column":9},"end":{"line":37,"column":3}},{"start":{},"end":{}}]},"7":{"loc":{"start":{"line":40,"column":2},"end":{"line":46,"column":3}},"type":"if","locations":[{"start":{"line":40,"column":2},"end":{"line":46,"column":3}},{"start":{"line":42,"column":9},"end":{"line":46,"column":3}}]},"8":{"loc":{"start":{"line":40,"column":6},"end":{"line":40,"column":57}},"type":"binary-expr","locations":[{"start":{"line":40,"column":6},"end":{"line":40,"column":32}},{"start":{"line":40,"column":36},"end":{"line":40,"column":57}}]},"9":{"loc":{"start":{"line":42,"column":9},"end":{"line":46,"column":3}},"type":"if","locations":[{"start":{"line":42,"column":9},"end":{"line":46,"column":3}},{"start":{"line":44,"column":9},"end":{"line":46,"column":3}}]},"10":{"loc":{"start":{"line":44,"column":9},"end":{"line":46,"column":3}},"type":"if","locations":[{"start":{"line":44,"column":9},"end":{"line":46,"column":3}},{"start":{},"end":{}}]},"11":{"loc":{"start":{"line":49,"column":2},"end":{"line":53,"column":3}},"type":"if","locations":[{"start":{"line":49,"column":2},"end":{"line":53,"column":3}},{"start":{"line":51,"column":9},"end":{"line":53,"column":3}}]},"12":{"loc":{"start":{"line":49,"column":6},"end":{"line":49,"column":83}},"type":"binary-expr","locations":[{"start":{"line":49,"column":6},"end":{"line":49,"column":16}},{"start":{"line":49,"column":20},"end":{"line":49,"column":83}}]},"13":{"loc":{"start":{"line":51,"column":9},"end":{"line":53,"column":3}},"type":"if","locations":[{"start":{"line":51,"column":9},"end":{"line":53,"column":3}},{"start":{},"end":{}}]},"14":{"loc":{"start":{"line":56,"column":2},"end":{"line":62,"column":3}},"type":"if","locations":[{"start":{"line":56,"column":2},"end":{"line":62,"column":3}},{"start":{},"end":{}}]},"15":{"loc":{"start":{"line":56,"column":6},"end":{"line":56,"column":55}},"type":"binary-expr","locations":[{"start":{"line":56,"column":6},"end":{"line":56,"column":31}},{"start":{"line":56,"column":35},"end":{"line":56,"column":55}}]},"16":{"loc":{"start":{"line":57,"column":4},"end":{"line":61,"column":5}},"type":"if","locations":[{"start":{"line":57,"column":4},"end":{"line":61,"column":5}},{"start":{"line":59,"column":11},"end":{"line":61,"column":5}}]},"17":{"loc":{"start":{"line":59,"column":11},"end":{"line":61,"column":5}},"type":"if","locations":[{"start":{"line":59,"column":11},"end":{"line":61,"column":5}},{"start":{},"end":{}}]},"18":{"loc":{"start":{"line":78,"column":2},"end":{"line":78,"column":35}},"type":"if","locations":[{"start":{"line":78,"column":2},"end":{"line":78,"column":35}},{"start":{},"end":{}}]},"19":{"loc":{"start":{"line":81,"column":2},"end":{"line":81,"column":49}},"type":"if","locations":[{"start":{"line":81,"column":2},"end":{"line":81,"column":49}},{"start":{},"end":{}}]},"20":{"loc":{"start":{"line":81,"column":6},"end":{"line":81,"column":34}},"type":"binary-expr","locations":[{"start":{"line":81,"column":6},"end":{"line":81,"column":16}},{"start":{"line":81,"column":20},"end":{"line":81,"column":34}}]},"21":{"loc":{"start":{"line":85,"column":9},"end":{"line":85,"column":62}},"type":"binary-expr","locations":[{"start":{"line":85,"column":9},"end":{"line":85,"column":35}},{"start":{"line":85,"column":39},"end":{"line":85,"column":62}}]}},"s":{"0":1,"1":1,"2":21,"3":21,"4":3,"5":18,"6":1,"7":21,"8":1,"9":20,"10":3,"11":17,"12":1,"13":21,"14":1,"15":20,"16":2,"17":18,"18":1,"19":21,"20":3,"21":18,"22":1,"23":21,"24":20,"25":2,"26":18,"27":1,"28":21,"29":1,"30":1,"31":17,"32":17,"33":2,"34":15,"35":15,"36":4,"37":11,"38":1},"f":{"0":21,"1":17},"b":{"0":[3,18],"1":[21,19],"2":[1,17],"3":[1,20],"4":[21,20],"5":[3,17],"6":[1,16],"7":[1,20],"8":[21,20],"9":[2,18],"10":[1,17],"11":[3,18],"12":[21,19],"13":[1,17],"14":[20,1],"15":[21,20],"16":[2,18],"17":[1,17],"18":[2,15],"19":[4,11],"20":[15,13],"21":[11,2]}}
}
