TN:
SF:src\constants\achievements.ts
FN:9,(anonymous_0)
FN:118,(anonymous_1)
FN:127,(anonymous_2)
FN:135,(anonymous_3)
FNF:4
FNH:4
FNDA:18,(anonymous_0)
FNDA:11,(anonymous_1)
FNDA:3,(anonymous_2)
FNDA:507,(anonymous_3)
DA:6,5
DA:9,5
DA:10,18
DA:11,18
DA:116,5
DA:118,5
DA:119,11
DA:122,5
DA:127,5
DA:128,3
DA:129,3
DA:135,5
DA:139,507
DA:141,152
DA:143,101
DA:145,151
DA:147,51
DA:149,51
DA:151,1
LF:19
LH:19
BRDA:127,0,0,1
BRDA:139,1,0,152
BRDA:139,1,1,101
BRDA:139,1,2,151
BRDA:139,1,3,51
BRDA:139,1,4,51
BRDA:139,1,5,1
BRF:7
BRH:7
end_of_record
TN:
SF:src\constants\icons.ts
FN:40,getRandomIcon
FN:47,searchIcons
FN:53,(anonymous_2)
FN:63,(anonymous_3)
FNF:4
FNH:4
FNDA:21,getRandomIcon
FNDA:9,searchIcons
FNDA:119,(anonymous_2)
FNDA:164,(anonymous_3)
DA:7,1
DA:28,1
DA:31,1
DA:32,1
DA:40,1
DA:41,21
DA:47,1
DA:48,9
DA:49,9
DA:52,7
DA:53,7
DA:54,119
DA:55,12
DA:58,7
DA:63,164
DA:64,2
LF:16
LH:16
BRDA:49,0,0,2
BRDA:49,0,1,7
BRDA:54,1,0,12
BRDA:54,1,1,107
BRDA:58,2,0,5
BRDA:58,2,1,2
BRDA:63,3,0,164
BRDA:63,3,1,163
BRDA:64,4,0,1
BRDA:64,4,1,1
BRF:10
BRH:10
end_of_record
TN:
SF:src\constants\storage-keys.ts
FNF:0
FNH:0
DA:6,3
DA:14,3
LF:2
LH:2
BRF:0
BRH:0
end_of_record
TN:
SF:src\constants\validation.ts
FNF:0
FNH:0
DA:5,1
DA:28,1
LF:2
LH:2
BRF:0
BRH:0
end_of_record
TN:
SF:src\utils\goal-calculations.ts
FN:16,(anonymous_0)
FN:23,(anonymous_1)
FN:23,(anonymous_2)
FN:24,(anonymous_3)
FN:25,(anonymous_4)
FN:29,(anonymous_5)
FN:50,(anonymous_6)
FN:90,(anonymous_7)
FN:103,(anonymous_8)
FN:114,(anonymous_9)
FN:161,(anonymous_10)
FN:214,(anonymous_11)
FN:251,(anonymous_12)
FN:298,(anonymous_13)
FNF:14
FNH:14
FNDA:6,(anonymous_0)
FNDA:3,(anonymous_1)
FNDA:6,(anonymous_2)
FNDA:3,(anonymous_3)
FNDA:2,(anonymous_4)
FNDA:2,(anonymous_5)
FNDA:26,(anonymous_6)
FNDA:3,(anonymous_7)
FNDA:5,(anonymous_8)
FNDA:20,(anonymous_9)
FNDA:11,(anonymous_10)
FNDA:7,(anonymous_11)
FNDA:8,(anonymous_12)
FNDA:9,(anonymous_13)
DA:16,2
DA:21,6
DA:22,2
DA:23,6
DA:24,3
DA:25,2
DA:27,2
DA:29,2
DA:30,1
DA:34,4
DA:50,2
DA:56,26
DA:60,23
DA:63,15
DA:68,8
DA:69,8
DA:71,8
DA:73,2
DA:76,6
DA:77,6
DA:80,21
DA:90,2
DA:95,3
DA:103,2
DA:104,5
DA:114,2
DA:120,20
DA:121,0
DA:124,20
DA:125,20
DA:128,20
DA:130,8
DA:131,8
DA:133,4
DA:134,4
DA:136,2
DA:137,2
DA:139,2
DA:140,2
DA:142,4
DA:143,4
DA:148,20
DA:150,20
DA:161,2
DA:174,11
DA:175,1
DA:178,10
DA:179,1
DA:182,9
DA:183,9
DA:184,9
DA:187,9
DA:189,2
DA:193,7
DA:194,7
DA:195,7
DA:196,7
DA:198,7
DA:214,2
DA:238,7
DA:239,1
DA:242,6
DA:245,6
DA:246,1
DA:248,5
DA:251,5
DA:252,8
DA:253,6
DA:254,6
DA:255,4
DA:258,5
DA:259,3
DA:260,3
DA:261,3
DA:262,2
DA:263,2
DA:266,2
DA:267,1
DA:268,1
DA:269,1
DA:270,1
DA:271,1
DA:274,1
DA:275,1
DA:278,5
DA:279,5
DA:280,5
DA:283,5
DA:284,1
DA:287,4
DA:298,2
DA:305,9
DA:306,1
DA:309,8
DA:310,1
DA:313,7
DA:316,7
DA:319,7
DA:327,7
LF:99
LH:98
BRDA:21,0,0,2
BRDA:21,0,1,4
BRDA:21,1,0,6
BRDA:21,1,1,2
BRDA:27,2,0,1
BRDA:27,2,1,1
BRDA:56,3,0,3
BRDA:56,3,1,23
BRDA:60,4,0,15
BRDA:60,4,1,8
BRDA:68,5,0,8
BRDA:68,5,1,0
BRDA:71,6,0,2
BRDA:71,6,1,6
BRDA:73,7,0,1
BRDA:73,7,1,1
BRDA:120,8,0,0
BRDA:120,8,1,20
BRDA:128,9,0,8
BRDA:128,9,1,4
BRDA:128,9,2,2
BRDA:128,9,3,2
BRDA:128,9,4,4
BRDA:142,10,0,4
BRDA:142,10,1,1
BRDA:174,11,0,1
BRDA:174,11,1,10
BRDA:178,12,0,1
BRDA:178,12,1,9
BRDA:187,13,0,2
BRDA:187,13,1,7
BRDA:238,14,0,1
BRDA:238,14,1,6
BRDA:239,15,0,1
BRDA:239,15,1,0
BRDA:245,16,0,1
BRDA:245,16,1,5
BRDA:252,17,0,2
BRDA:252,17,1,6
BRDA:252,18,0,2
BRDA:252,18,1,1
BRDA:253,19,0,0
BRDA:253,19,1,6
BRDA:253,20,0,6
BRDA:253,20,1,2
BRDA:254,21,0,2
BRDA:254,21,1,4
BRDA:254,22,0,2
BRDA:254,22,1,0
BRDA:255,23,0,4
BRDA:255,23,1,1
BRDA:255,23,2,1
BRDA:258,24,0,3
BRDA:258,24,1,2
BRDA:261,25,0,2
BRDA:261,25,1,1
BRDA:266,26,0,1
BRDA:266,26,1,1
BRDA:269,27,0,1
BRDA:269,27,1,0
BRDA:278,28,0,5
BRDA:278,28,1,1
BRDA:280,29,0,5
BRDA:280,29,1,1
BRDA:283,30,0,1
BRDA:283,30,1,4
BRDA:283,31,0,5
BRDA:283,31,1,1
BRDA:302,32,0,0
BRDA:305,33,0,1
BRDA:305,33,1,8
BRDA:309,34,0,1
BRDA:309,34,1,7
BRDA:316,35,0,1
BRDA:316,35,1,6
BRF:75
BRH:68
end_of_record
TN:
SF:src\utils\number-formatting.ts
FN:12,formatNumber
FN:18,(anonymous_1)
FN:27,formatPercentage
FN:36,parseFormattedNumber
FN:42,(anonymous_4)
FNF:5
FNH:5
FNDA:38,formatNumber
FNDA:48,(anonymous_1)
FNDA:12,formatPercentage
FNDA:30,parseFormattedNumber
FNDA:300,(anonymous_4)
DA:12,1
DA:13,38
DA:15,38
DA:17,21
DA:18,48
DA:21,17
DA:27,1
DA:28,12
DA:29,12
DA:36,1
DA:38,30
DA:39,30
DA:41,30
DA:42,30
DA:43,300
DA:46,30
LF:16
LH:16
BRDA:15,0,0,21
BRDA:15,0,1,17
BRDA:46,1,0,30
BRDA:46,1,1,5
BRF:4
BRH:4
end_of_record
TN:
SF:src\utils\recurring-goals.ts
FN:11,shouldResetGoal
FN:28,getPeriodEndDate
FN:70,resetGoal
FN:86,recordCompletion
FN:103,processRecurringGoals
FN:104,(anonymous_5)
FN:132,getCompletionCount
FN:144,getTotalPointsEarned
FN:151,getTimeRemaining
FN:180,calculateStreak
FN:195,(anonymous_10)
FN:256,getPeriodLength
FN:276,updateGoalStreaks
FNF:13
FNH:13
FNDA:7,shouldResetGoal
FNDA:19,getPeriodEndDate
FNDA:4,resetGoal
FNDA:5,recordCompletion
FNDA:5,processRecurringGoals
FNDA:5,(anonymous_5)
FNDA:13,getCompletionCount
FNDA:9,getTotalPointsEarned
FNDA:8,getTimeRemaining
FNDA:15,calculateStreak
FNDA:18,(anonymous_10)
FNDA:8,getPeriodLength
FNDA:4,updateGoalStreaks
DA:11,5
DA:12,7
DA:13,2
DA:16,5
DA:17,5
DA:18,5
DA:22,5
DA:28,5
DA:33,19
DA:35,19
DA:38,11
DA:39,11
DA:40,11
DA:44,2
DA:48,1
DA:49,1
DA:50,1
DA:54,1
DA:55,1
DA:56,1
DA:59,2
DA:60,1
DA:63,2
DA:70,5
DA:71,4
DA:86,5
DA:88,5
DA:89,1
DA:92,4
DA:94,4
DA:103,5
DA:104,5
DA:106,5
DA:107,1
DA:111,4
DA:112,1
DA:119,3
DA:121,2
DA:122,2
DA:125,1
DA:132,5
DA:133,13
DA:135,11
DA:136,11
DA:138,11
DA:144,5
DA:145,9
DA:151,5
DA:152,8
DA:154,7
DA:155,7
DA:156,7
DA:158,7
DA:160,5
DA:161,5
DA:163,5
DA:164,1
DA:167,4
DA:168,4
DA:169,4
DA:172,0
DA:173,0
DA:180,5
DA:181,15
DA:183,7
DA:184,7
DA:187,8
DA:190,8
DA:191,7
DA:195,18
DA:197,8
DA:198,0
DA:202,8
DA:204,8
DA:205,8
DA:206,8
DA:209,8
DA:210,13
DA:213,13
DA:214,13
DA:215,11
DA:217,2
DA:221,8
DA:222,8
DA:225,8
DA:226,8
DA:227,16
DA:228,16
DA:230,16
DA:231,14
DA:232,14
DA:234,2
DA:239,8
DA:240,8
DA:241,8
DA:242,8
DA:245,8
DA:246,1
DA:250,8
DA:257,8
DA:259,4
DA:261,1
DA:263,1
DA:265,1
DA:267,1
DA:269,0
DA:276,5
DA:277,4
DA:278,1
DA:281,3
DA:283,3
LF:111
LH:107
BRDA:12,0,0,2
BRDA:12,0,1,5
BRDA:12,1,0,7
BRDA:12,1,1,6
BRDA:35,2,0,11
BRDA:35,2,1,2
BRDA:35,2,2,1
BRDA:35,2,3,1
BRDA:35,2,4,2
BRDA:35,2,5,2
BRDA:59,3,0,1
BRDA:59,3,1,1
BRDA:79,4,0,4
BRDA:79,4,1,0
BRDA:88,5,0,1
BRDA:88,5,1,4
BRDA:88,6,0,5
BRDA:88,6,1,4
BRDA:92,7,0,4
BRDA:92,7,1,1
BRDA:106,8,0,1
BRDA:106,8,1,4
BRDA:111,9,0,1
BRDA:111,9,1,3
BRDA:119,10,0,2
BRDA:119,10,1,1
BRDA:133,11,0,2
BRDA:133,11,1,11
BRDA:133,12,0,1
BRDA:133,12,1,1
BRDA:135,13,0,11
BRDA:135,13,1,2
BRDA:136,14,0,9
BRDA:136,14,1,2
BRDA:152,15,0,1
BRDA:152,15,1,7
BRDA:158,16,0,2
BRDA:158,16,1,5
BRDA:163,17,0,1
BRDA:163,17,1,4
BRDA:167,18,0,4
BRDA:167,18,1,0
BRDA:181,19,0,7
BRDA:181,19,1,8
BRDA:181,20,0,15
BRDA:181,20,1,14
BRDA:181,20,2,13
BRDA:183,21,0,3
BRDA:183,21,1,4
BRDA:190,22,0,7
BRDA:190,22,1,1
BRDA:190,23,0,8
BRDA:190,23,1,7
BRDA:197,24,0,0
BRDA:197,24,1,8
BRDA:214,25,0,11
BRDA:214,25,1,2
BRDA:214,26,0,13
BRDA:214,26,1,12
BRDA:230,27,0,14
BRDA:230,27,1,2
BRDA:230,28,0,16
BRDA:230,28,1,15
BRDA:239,29,0,8
BRDA:239,29,1,0
BRDA:245,30,0,1
BRDA:245,30,1,7
BRDA:245,31,0,8
BRDA:245,31,1,1
BRDA:257,32,0,4
BRDA:257,32,1,1
BRDA:257,32,2,1
BRDA:257,32,3,1
BRDA:257,32,4,1
BRDA:257,32,5,0
BRDA:267,33,0,1
BRDA:267,33,1,0
BRDA:277,34,0,1
BRDA:277,34,1,3
BRDA:286,35,0,3
BRDA:286,35,1,2
BRF:81
BRH:75
end_of_record
TN:
SF:src\utils\review-statistics.ts
FN:25,getThisWeek
FN:46,getLastWeek
FN:64,getThisMonth
FN:79,getLastMonth
FN:94,calculateReviewStatistics
FN:99,(anonymous_5)
FN:105,(anonymous_6)
FN:110,(anonymous_7)
FN:128,getMotivationalMessage
FNF:9
FNH:9
FNDA:6,getThisWeek
FNDA:2,getLastWeek
FNDA:3,getThisMonth
FNDA:1,getLastMonth
FNDA:7,calculateReviewStatistics
FNDA:15,(anonymous_5)
FNDA:15,(anonymous_6)
FNDA:7,(anonymous_7)
FNDA:8,getMotivationalMessage
DA:25,1
DA:26,6
DA:27,6
DA:28,6
DA:29,6
DA:30,6
DA:32,6
DA:33,6
DA:34,6
DA:36,6
DA:46,1
DA:47,2
DA:48,2
DA:49,2
DA:51,2
DA:52,2
DA:54,2
DA:64,1
DA:65,3
DA:66,3
DA:67,3
DA:69,3
DA:79,1
DA:80,1
DA:81,1
DA:82,1
DA:84,1
DA:94,1
DA:99,7
DA:100,15
DA:101,8
DA:105,7
DA:106,15
DA:110,7
DA:113,7
DA:114,7
DA:116,7
DA:128,1
DA:129,8
DA:130,1
DA:131,7
DA:132,3
DA:133,4
DA:134,3
DA:136,1
LF:45
LH:45
BRDA:100,0,0,7
BRDA:100,0,1,8
BRDA:101,1,0,8
BRDA:101,1,1,8
BRDA:106,2,0,15
BRDA:106,2,1,14
BRDA:110,3,0,7
BRDA:110,3,1,1
BRDA:114,4,0,6
BRDA:114,4,1,1
BRDA:129,5,0,1
BRDA:129,5,1,7
BRDA:131,6,0,3
BRDA:131,6,1,4
BRDA:133,7,0,3
BRDA:133,7,1,1
BRF:16
BRH:16
end_of_record
TN:
SF:src\utils\statistics.ts
FN:14,(anonymous_0)
FN:15,(anonymous_1)
FN:16,(anonymous_2)
FN:20,(anonymous_3)
FN:34,(anonymous_4)
FN:35,(anonymous_5)
FN:49,(anonymous_6)
FN:50,(anonymous_7)
FN:61,(anonymous_8)
FN:81,(anonymous_9)
FN:87,(anonymous_10)
FN:96,(anonymous_11)
FN:115,(anonymous_12)
FN:120,(anonymous_13)
FN:127,(anonymous_14)
FN:136,(anonymous_15)
FN:149,(anonymous_16)
FN:165,(anonymous_17)
FN:169,(anonymous_18)
FNF:19
FNH:19
FNDA:50,(anonymous_0)
FNDA:156,(anonymous_1)
FNDA:156,(anonymous_2)
FNDA:156,(anonymous_3)
FNDA:11,(anonymous_4)
FNDA:9,(anonymous_5)
FNDA:156,(anonymous_6)
FNDA:92,(anonymous_7)
FNDA:301,(anonymous_8)
FNDA:156,(anonymous_9)
FNDA:500,(anonymous_10)
FNDA:47,(anonymous_11)
FNDA:5,(anonymous_12)
FNDA:13,(anonymous_13)
FNDA:4,(anonymous_14)
FNDA:50,(anonymous_15)
FNDA:257,(anonymous_16)
FNDA:17,(anonymous_17)
FNDA:75,(anonymous_18)
DA:6,4
DA:8,4
DA:14,4
DA:15,156
DA:16,156
DA:20,50
DA:21,156
DA:23,148
DA:25,6
DA:28,142
DA:33,50
DA:34,11
DA:35,9
DA:38,50
DA:39,50
DA:40,50
DA:42,50
DA:43,50
DA:44,50
DA:45,50
DA:48,50
DA:49,156
DA:50,92
DA:52,50
DA:53,25
DA:56,25
DA:57,85
DA:58,85
DA:60,85
DA:61,301
DA:64,85
DA:65,60
DA:66,60
DA:67,60
DA:69,25
DA:71,25
DA:74,60
DA:78,50
DA:81,156
DA:84,50
DA:86,50
DA:88,500
DA:96,47
DA:98,50
DA:115,4
DA:119,5
DA:120,13
DA:127,4
DA:128,4
DA:129,3
DA:130,2
DA:136,4
DA:137,50
DA:139,25
DA:140,25
DA:141,25
DA:144,25
DA:145,80
DA:146,80
DA:148,80
DA:149,257
DA:152,80
DA:153,23
DA:156,57
DA:159,2
DA:165,4
DA:169,75
DA:170,17
DA:172,15
DA:173,15
DA:175,15
DA:176,15
DA:178,7
DA:179,7
DA:181,4
DA:182,4
DA:184,2
DA:185,2
DA:187,2
DA:190,15
LF:80
LH:80
BRDA:14,0,0,2
BRDA:14,1,0,3
BRDA:15,2,0,156
BRDA:15,2,1,148
BRDA:16,3,0,156
BRDA:16,3,1,117
BRDA:16,3,2,112
BRDA:21,4,0,8
BRDA:21,4,1,148
BRDA:23,5,0,6
BRDA:23,5,1,142
BRDA:28,6,0,106
BRDA:28,6,1,36
BRDA:50,7,0,92
BRDA:50,7,1,0
BRDA:50,8,0,92
BRDA:50,8,1,0
BRDA:52,9,0,25
BRDA:52,9,1,25
BRDA:53,10,0,25
BRDA:53,10,1,0
BRDA:61,11,0,301
BRDA:61,11,1,301
BRDA:61,11,2,298
BRDA:64,12,0,60
BRDA:64,12,1,25
BRDA:66,13,0,60
BRDA:66,13,1,0
BRDA:69,14,0,25
BRDA:69,14,1,0
BRDA:78,15,0,40
BRDA:78,15,1,10
BRDA:81,16,0,156
BRDA:81,16,1,5
BRDA:128,17,0,1
BRDA:128,17,1,3
BRDA:129,18,0,1
BRDA:129,18,1,2
BRDA:137,19,0,25
BRDA:137,19,1,25
BRDA:149,20,0,257
BRDA:149,20,1,257
BRDA:149,20,2,254
BRDA:152,21,0,23
BRDA:152,21,1,57
BRDA:170,22,0,2
BRDA:170,22,1,15
BRDA:176,23,0,7
BRDA:176,23,1,4
BRDA:176,23,2,2
BRDA:176,23,3,2
BRF:51
BRH:46
end_of_record
TN:
SF:src\utils\validation.ts
FN:18,(anonymous_0)
FN:75,(anonymous_1)
FNF:2
FNH:2
FNDA:21,(anonymous_0)
FNDA:17,(anonymous_1)
DA:5,1
DA:18,1
DA:21,21
DA:24,21
DA:25,3
DA:26,18
DA:27,1
DA:31,21
DA:32,1
DA:33,20
DA:34,3
DA:35,17
DA:36,1
DA:40,21
DA:41,1
DA:42,20
DA:43,2
DA:44,18
DA:45,1
DA:49,21
DA:50,3
DA:51,18
DA:52,1
DA:56,21
DA:57,20
DA:58,2
DA:59,18
DA:60,1
DA:64,21
DA:75,1
DA:77,17
DA:78,17
DA:80,15
DA:81,15
DA:85,11
LF:35
LH:35
BRDA:24,0,0,3
BRDA:24,0,1,18
BRDA:24,1,0,21
BRDA:24,1,1,19
BRDA:26,2,0,1
BRDA:26,2,1,17
BRDA:31,3,0,1
BRDA:31,3,1,20
BRDA:31,4,0,21
BRDA:31,4,1,20
BRDA:33,5,0,3
BRDA:33,5,1,17
BRDA:35,6,0,1
BRDA:35,6,1,16
BRDA:40,7,0,1
BRDA:40,7,1,20
BRDA:40,8,0,21
BRDA:40,8,1,20
BRDA:42,9,0,2
BRDA:42,9,1,18
BRDA:44,10,0,1
BRDA:44,10,1,17
BRDA:49,11,0,3
BRDA:49,11,1,18
BRDA:49,12,0,21
BRDA:49,12,1,19
BRDA:51,13,0,1
BRDA:51,13,1,17
BRDA:56,14,0,20
BRDA:56,14,1,1
BRDA:56,15,0,21
BRDA:56,15,1,20
BRDA:57,16,0,2
BRDA:57,16,1,18
BRDA:59,17,0,1
BRDA:59,17,1,17
BRDA:78,18,0,2
BRDA:78,18,1,15
BRDA:81,19,0,4
BRDA:81,19,1,11
BRDA:81,20,0,15
BRDA:81,20,1,13
BRDA:85,21,0,11
BRDA:85,21,1,2
BRF:44
BRH:44
end_of_record
